2023-12-27 12:28:53,598 INFO org.springframework.boot.StartupInfoLogger [main] Starting UserAppApplication using Java 1.8.0_202 on DESKTOP-R18GS1D with PID 3496 (E:\UserApp\UserApp\target\classes started by User in E:\UserApp\UserApp)
2023-12-27 12:28:53,667 INFO org.springframework.boot.SpringApplication [main] No active profile set, falling back to 1 default profile: "default"
2023-12-27 12:28:57,533 INFO org.springframework.data.repository.config.RepositoryConfigurationDelegate [main] Bootstrapping Spring Data JPA repositories in DEFAULT mode.
2023-12-27 12:28:57,950 INFO org.springframework.data.repository.config.RepositoryConfigurationDelegate [main] Finished Spring Data repository scanning in 385 ms. Found 8 JPA repository interfaces.
2023-12-27 12:29:03,166 INFO org.springframework.boot.web.embedded.tomcat.TomcatWebServer [main] Tomcat initialized with port(s): 9006 (http)
2023-12-27 12:29:03,192 INFO org.apache.juli.logging.DirectJDKLog [main] Initializing ProtocolHandler ["http-nio-9006"]
2023-12-27 12:29:03,194 INFO org.apache.juli.logging.DirectJDKLog [main] Starting service [Tomcat]
2023-12-27 12:29:03,195 INFO org.apache.juli.logging.DirectJDKLog [main] Starting Servlet engine: [Apache Tomcat/9.0.73]
2023-12-27 12:29:04,022 INFO org.apache.juli.logging.DirectJDKLog [main] Initializing Spring embedded WebApplicationContext
2023-12-27 12:29:04,024 INFO org.springframework.boot.web.servlet.context.ServletWebServerApplicationContext [main] Root WebApplicationContext: initialization completed in 9972 ms
2023-12-27 12:29:05,142 INFO com.zaxxer.hikari.HikariDataSource [main] HikariPool-1 - Starting...
2023-12-27 12:29:13,367 INFO com.zaxxer.hikari.HikariDataSource [main] HikariPool-1 - Start completed.
2023-12-27 12:29:15,138 INFO org.hibernate.jpa.internal.util.LogHelper [main] HHH000204: Processing PersistenceUnitInfo [name: default]
2023-12-27 12:29:15,849 INFO org.hibernate.Version [main] HHH000412: Hibernate ORM core version 5.6.15.Final
2023-12-27 12:29:17,041 INFO org.hibernate.annotations.common.reflection.java.JavaReflectionManager [main] HCANN000001: Hibernate Commons Annotations {5.1.2.Final}
2023-12-27 12:29:17,662 INFO org.hibernate.dialect.Dialect [main] HHH000400: Using dialect: org.hibernate.dialect.MySQL8Dialect
2023-12-27 12:29:20,957 INFO org.hibernate.engine.transaction.jta.platform.internal.JtaPlatformInitiator [main] HHH000490: Using JtaPlatform implementation: [org.hibernate.engine.transaction.jta.platform.internal.NoJtaPlatform]
2023-12-27 12:29:20,990 INFO org.springframework.orm.jpa.AbstractEntityManagerFactoryBean [main] Initialized JPA EntityManagerFactory for persistence unit 'default'
2023-12-27 12:29:25,040 WARN org.springframework.boot.autoconfigure.orm.jpa.JpaBaseConfiguration$JpaWebConfiguration [main] spring.jpa.open-in-view is enabled by default. Therefore, database queries may be performed during view rendering. Explicitly configure spring.jpa.open-in-view to disable this warning
2023-12-27 12:29:25,666 INFO org.springframework.boot.autoconfigure.web.servlet.WelcomePageHandlerMapping [main] Adding welcome page template: index
2023-12-27 12:29:26,320 INFO org.springframework.security.web.DefaultSecurityFilterChain [main] Will secure any request with [org.springframework.security.web.session.DisableEncodeUrlFilter@5ee76cf2, org.springframework.security.web.context.request.async.WebAsyncManagerIntegrationFilter@6662974a, org.springframework.security.web.context.SecurityContextPersistenceFilter@2f0e7008, org.springframework.security.web.header.HeaderWriterFilter@1c80f8dd, org.springframework.web.filter.CorsFilter@4fce655d, org.springframework.security.web.authentication.logout.LogoutFilter@2aeb3f3b, org.springframework.security.web.savedrequest.RequestCacheAwareFilter@37922937, org.springframework.security.web.servletapi.SecurityContextHolderAwareRequestFilter@73072745, org.springframework.security.web.authentication.AnonymousAuthenticationFilter@df5f657, org.springframework.security.web.session.SessionManagementFilter@7c9c7e7d, org.springframework.security.web.access.ExceptionTranslationFilter@69e308e2, org.springframework.security.web.access.intercept.FilterSecurityInterceptor@4cf1ec2]
2023-12-27 12:29:27,465 INFO org.apache.juli.logging.DirectJDKLog [main] Starting ProtocolHandler ["http-nio-9006"]
2023-12-27 12:29:27,683 INFO org.springframework.boot.web.embedded.tomcat.TomcatWebServer [main] Tomcat started on port(s): 9006 (http) with context path ''
2023-12-27 12:29:27,775 INFO org.springframework.scheduling.annotation.ScheduledAnnotationBeanPostProcessor [main] No TaskScheduler/ScheduledExecutorService bean found for scheduled processing
2023-12-27 12:29:27,845 INFO org.springframework.boot.StartupInfoLogger [main] Started UserAppApplication in 36.019 seconds (JVM running for 44.008)
2023-12-27 13:14:52,630 WARN com.zaxxer.hikari.pool.PoolBase [pool-1-thread-1] HikariPool-1 - Failed to validate connection com.mysql.cj.jdbc.ConnectionImpl@222ddd93 (No operations allowed after connection closed.). Possibly consider using a shorter maxLifetime value.
2023-12-27 13:16:29,747 WARN org.hibernate.engine.jdbc.spi.SqlExceptionHelper [pool-1-thread-1] SQL Error: 0, SQLState: 08003
2023-12-27 13:17:06,121 ERROR org.hibernate.engine.jdbc.spi.SqlExceptionHelper [pool-1-thread-1] HikariPool-1 - Connection is not available, request timed out after 133065ms.
2023-12-27 13:17:06,809 ERROR org.hibernate.engine.jdbc.spi.SqlExceptionHelper [pool-1-thread-1] No operations allowed after connection closed.
2023-12-27 13:18:15,275 ERROR org.springframework.scheduling.support.TaskUtils$LoggingErrorHandler [pool-1-thread-1] Unexpected error occurred in scheduled task
org.springframework.transaction.CannotCreateTransactionException: Could not open JPA EntityManager for transaction; nested exception is org.hibernate.exception.JDBCConnectionException: Unable to acquire JDBC Connection
	at org.springframework.orm.jpa.JpaTransactionManager.doBegin(JpaTransactionManager.java:467)
	at org.springframework.transaction.support.AbstractPlatformTransactionManager.startTransaction(AbstractPlatformTransactionManager.java:400)
	at org.springframework.transaction.support.AbstractPlatformTransactionManager.getTransaction(AbstractPlatformTransactionManager.java:373)
	at org.springframework.transaction.support.TransactionTemplate.execute(TransactionTemplate.java:137)
	at org.springframework.session.jdbc.JdbcIndexedSessionRepository.cleanUpExpiredSessions(JdbcIndexedSessionRepository.java:587)
	at org.springframework.scheduling.support.DelegatingErrorHandlingRunnable.run(DelegatingErrorHandlingRunnable.java:54)
	at org.springframework.scheduling.concurrent.ReschedulingRunnable.run(ReschedulingRunnable.java:95)
	at java.util.concurrent.Executors$RunnableAdapter.call(Executors.java:511)
	at java.util.concurrent.FutureTask.run(FutureTask.java:266)
	at java.util.concurrent.ScheduledThreadPoolExecutor$ScheduledFutureTask.access$201(ScheduledThreadPoolExecutor.java:180)
	at java.util.concurrent.ScheduledThreadPoolExecutor$ScheduledFutureTask.run(ScheduledThreadPoolExecutor.java:293)
	at java.util.concurrent.ThreadPoolExecutor.runWorker(ThreadPoolExecutor.java:1149)
	at java.util.concurrent.ThreadPoolExecutor$Worker.run(ThreadPoolExecutor.java:624)
	at java.lang.Thread.run(Thread.java:748)
Caused by: org.hibernate.exception.JDBCConnectionException: Unable to acquire JDBC Connection
	at org.hibernate.exception.internal.SQLExceptionTypeDelegate.convert(SQLExceptionTypeDelegate.java:48)
	at org.hibernate.exception.internal.StandardSQLExceptionConverter.convert(StandardSQLExceptionConverter.java:37)
	at org.hibernate.engine.jdbc.spi.SqlExceptionHelper.convert(SqlExceptionHelper.java:113)
	at org.hibernate.engine.jdbc.spi.SqlExceptionHelper.convert(SqlExceptionHelper.java:99)
	at org.hibernate.resource.jdbc.internal.LogicalConnectionManagedImpl.acquireConnectionIfNeeded(LogicalConnectionManagedImpl.java:111)
	at org.hibernate.resource.jdbc.internal.LogicalConnectionManagedImpl.getPhysicalConnection(LogicalConnectionManagedImpl.java:138)
	at org.hibernate.resource.jdbc.internal.LogicalConnectionManagedImpl.getConnectionForTransactionManagement(LogicalConnectionManagedImpl.java:276)
	at org.hibernate.resource.jdbc.internal.LogicalConnectionManagedImpl.begin(LogicalConnectionManagedImpl.java:284)
	at org.hibernate.resource.transaction.backend.jdbc.internal.JdbcResourceLocalTransactionCoordinatorImpl$TransactionDriverControlImpl.begin(JdbcResourceLocalTransactionCoordinatorImpl.java:246)
	at org.hibernate.engine.transaction.internal.TransactionImpl.begin(TransactionImpl.java:83)
	at org.springframework.orm.jpa.vendor.HibernateJpaDialect.beginTransaction(HibernateJpaDialect.java:164)
	at org.springframework.orm.jpa.JpaTransactionManager.doBegin(JpaTransactionManager.java:421)
	... 13 common frames omitted
Caused by: java.sql.SQLTransientConnectionException: HikariPool-1 - Connection is not available, request timed out after 133065ms.
	at com.zaxxer.hikari.pool.HikariPool.createTimeoutException(HikariPool.java:696)
	at com.zaxxer.hikari.pool.HikariPool.getConnection(HikariPool.java:197)
	at com.zaxxer.hikari.pool.HikariPool.getConnection(HikariPool.java:162)
	at com.zaxxer.hikari.HikariDataSource.getConnection(HikariDataSource.java:128)
	at org.hibernate.engine.jdbc.connections.internal.DatasourceConnectionProviderImpl.getConnection(DatasourceConnectionProviderImpl.java:122)
	at org.hibernate.internal.NonContextualJdbcConnectionAccess.obtainConnection(NonContextualJdbcConnectionAccess.java:38)
	at org.hibernate.resource.jdbc.internal.LogicalConnectionManagedImpl.acquireConnectionIfNeeded(LogicalConnectionManagedImpl.java:108)
	... 20 common frames omitted
Caused by: java.sql.SQLNonTransientConnectionException: No operations allowed after connection closed.
	at com.mysql.cj.jdbc.exceptions.SQLError.createSQLException(SQLError.java:111)
	at com.mysql.cj.jdbc.exceptions.SQLError.createSQLException(SQLError.java:98)
	at com.mysql.cj.jdbc.exceptions.SQLError.createSQLException(SQLError.java:90)
	at com.mysql.cj.jdbc.exceptions.SQLError.createSQLException(SQLError.java:64)
	at com.mysql.cj.jdbc.exceptions.SQLError.createSQLException(SQLError.java:74)
	at com.mysql.cj.jdbc.exceptions.SQLExceptionsMapping.translateException(SQLExceptionsMapping.java:73)
	at com.mysql.cj.jdbc.ConnectionImpl.setNetworkTimeout(ConnectionImpl.java:2435)
	at com.zaxxer.hikari.pool.PoolBase.setNetworkTimeout(PoolBase.java:566)
	at com.zaxxer.hikari.pool.PoolBase.isConnectionAlive(PoolBase.java:173)
	at com.zaxxer.hikari.pool.HikariPool.getConnection(HikariPool.java:186)
	... 25 common frames omitted
Caused by: com.mysql.cj.exceptions.ConnectionIsClosedException: No operations allowed after connection closed.
	at sun.reflect.NativeConstructorAccessorImpl.newInstance0(Native Method)
	at sun.reflect.NativeConstructorAccessorImpl.newInstance(NativeConstructorAccessorImpl.java:62)
	at sun.reflect.DelegatingConstructorAccessorImpl.newInstance(DelegatingConstructorAccessorImpl.java:45)
	at java.lang.reflect.Constructor.newInstance(Constructor.java:423)
	at com.mysql.cj.exceptions.ExceptionFactory.createException(ExceptionFactory.java:61)
	at com.mysql.cj.exceptions.ExceptionFactory.createException(ExceptionFactory.java:104)
	at com.mysql.cj.exceptions.ExceptionFactory.createException(ExceptionFactory.java:149)
	at com.mysql.cj.NativeSession.checkClosed(NativeSession.java:756)
	at com.mysql.cj.jdbc.ConnectionImpl.checkClosed(ConnectionImpl.java:556)
	at com.mysql.cj.jdbc.ConnectionImpl.setNetworkTimeout(ConnectionImpl.java:2431)
	... 28 common frames omitted
2023-12-27 13:21:37,955 WARN com.zaxxer.hikari.pool.HikariPool$HouseKeeper [HikariPool-1 housekeeper] HikariPool-1 - Thread starvation or clock leap detected (housekeeper delta=2m49s735ms633µs).
2023-12-27 14:14:08,433 INFO org.springframework.boot.StartupInfoLogger [main] Starting UserAppApplication using Java 1.8.0_202 on DESKTOP-R18GS1D with PID 2328 (E:\UserApp\UserApp\target\classes started by User in E:\UserApp\UserApp)
2023-12-27 14:14:08,504 INFO org.springframework.boot.SpringApplication [main] No active profile set, falling back to 1 default profile: "default"
2023-12-27 14:14:12,277 INFO org.springframework.data.repository.config.RepositoryConfigurationDelegate [main] Bootstrapping Spring Data JPA repositories in DEFAULT mode.
2023-12-27 14:14:12,668 INFO org.springframework.data.repository.config.RepositoryConfigurationDelegate [main] Finished Spring Data repository scanning in 321 ms. Found 8 JPA repository interfaces.
2023-12-27 14:14:17,477 INFO org.springframework.boot.web.embedded.tomcat.TomcatWebServer [main] Tomcat initialized with port(s): 9006 (http)
2023-12-27 14:14:17,502 INFO org.apache.juli.logging.DirectJDKLog [main] Initializing ProtocolHandler ["http-nio-9006"]
2023-12-27 14:14:17,504 INFO org.apache.juli.logging.DirectJDKLog [main] Starting service [Tomcat]
2023-12-27 14:14:17,505 INFO org.apache.juli.logging.DirectJDKLog [main] Starting Servlet engine: [Apache Tomcat/9.0.73]
2023-12-27 14:14:18,089 INFO org.apache.juli.logging.DirectJDKLog [main] Initializing Spring embedded WebApplicationContext
2023-12-27 14:14:18,090 INFO org.springframework.boot.web.servlet.context.ServletWebServerApplicationContext [main] Root WebApplicationContext: initialization completed in 9389 ms
2023-12-27 14:14:18,814 INFO com.zaxxer.hikari.HikariDataSource [main] HikariPool-1 - Starting...
2023-12-27 14:14:24,528 INFO com.zaxxer.hikari.HikariDataSource [main] HikariPool-1 - Start completed.
2023-12-27 14:14:27,604 INFO org.hibernate.jpa.internal.util.LogHelper [main] HHH000204: Processing PersistenceUnitInfo [name: default]
2023-12-27 14:14:27,866 INFO org.hibernate.Version [main] HHH000412: Hibernate ORM core version 5.6.15.Final
2023-12-27 14:14:28,781 INFO org.hibernate.annotations.common.reflection.java.JavaReflectionManager [main] HCANN000001: Hibernate Commons Annotations {5.1.2.Final}
2023-12-27 14:14:29,466 INFO org.hibernate.dialect.Dialect [main] HHH000400: Using dialect: org.hibernate.dialect.MySQL8Dialect
2023-12-27 14:14:35,229 INFO org.hibernate.engine.transaction.jta.platform.internal.JtaPlatformInitiator [main] HHH000490: Using JtaPlatform implementation: [org.hibernate.engine.transaction.jta.platform.internal.NoJtaPlatform]
2023-12-27 14:14:35,260 INFO org.springframework.orm.jpa.AbstractEntityManagerFactoryBean [main] Initialized JPA EntityManagerFactory for persistence unit 'default'
2023-12-27 14:14:38,845 WARN org.springframework.boot.autoconfigure.orm.jpa.JpaBaseConfiguration$JpaWebConfiguration [main] spring.jpa.open-in-view is enabled by default. Therefore, database queries may be performed during view rendering. Explicitly configure spring.jpa.open-in-view to disable this warning
2023-12-27 14:14:39,427 INFO org.springframework.boot.autoconfigure.web.servlet.WelcomePageHandlerMapping [main] Adding welcome page template: index
2023-12-27 14:14:39,889 INFO org.springframework.security.web.DefaultSecurityFilterChain [main] Will secure any request with [org.springframework.security.web.session.DisableEncodeUrlFilter@1f2d0ca2, org.springframework.security.web.context.request.async.WebAsyncManagerIntegrationFilter@e353e1d, org.springframework.security.web.context.SecurityContextPersistenceFilter@57f6fc09, org.springframework.security.web.header.HeaderWriterFilter@4b3e4253, org.springframework.web.filter.CorsFilter@1a1c308b, org.springframework.security.web.authentication.logout.LogoutFilter@175c26ff, org.springframework.security.web.savedrequest.RequestCacheAwareFilter@5aec151b, org.springframework.security.web.servletapi.SecurityContextHolderAwareRequestFilter@784c74e, org.springframework.security.web.authentication.AnonymousAuthenticationFilter@d4dbb34, org.springframework.security.web.session.SessionManagementFilter@5d200dce, org.springframework.security.web.access.ExceptionTranslationFilter@1e733bb5, org.springframework.security.web.access.intercept.FilterSecurityInterceptor@5263f554]
2023-12-27 14:14:40,629 INFO org.apache.juli.logging.DirectJDKLog [main] Starting ProtocolHandler ["http-nio-9006"]
2023-12-27 14:14:40,646 WARN org.springframework.context.support.AbstractApplicationContext [main] Exception encountered during context initialization - cancelling refresh attempt: org.springframework.context.ApplicationContextException: Failed to start bean 'webServerStartStop'; nested exception is org.springframework.boot.web.server.PortInUseException: Port 9006 is already in use
2023-12-27 14:14:40,659 INFO org.springframework.orm.jpa.AbstractEntityManagerFactoryBean [main] Closing JPA EntityManagerFactory for persistence unit 'default'
2023-12-27 14:14:40,671 INFO com.zaxxer.hikari.HikariDataSource [main] HikariPool-1 - Shutdown initiated...
2023-12-27 14:14:40,704 INFO com.zaxxer.hikari.HikariDataSource [main] HikariPool-1 - Shutdown completed.
2023-12-27 14:14:40,710 INFO org.apache.juli.logging.DirectJDKLog [main] Pausing ProtocolHandler ["http-nio-9006"]
2023-12-27 14:14:40,711 INFO org.apache.juli.logging.DirectJDKLog [main] Stopping service [Tomcat]
2023-12-27 14:14:40,725 INFO org.apache.juli.logging.DirectJDKLog [main] Stopping ProtocolHandler ["http-nio-9006"]
2023-12-27 14:14:40,726 INFO org.apache.juli.logging.DirectJDKLog [main] Destroying ProtocolHandler ["http-nio-9006"]
2023-12-27 14:14:40,761 INFO org.springframework.boot.autoconfigure.logging.ConditionEvaluationReportLoggingListener [main] 

Error starting ApplicationContext. To display the conditions report re-run your application with 'debug' enabled.
2023-12-27 14:14:41,074 ERROR org.springframework.boot.diagnostics.LoggingFailureAnalysisReporter [main] 

***************************
APPLICATION FAILED TO START
***************************

Description:

Web server failed to start. Port 9006 was already in use.

Action:

Identify and stop the process that's listening on port 9006 or configure this application to listen on another port.

2023-12-27 14:16:59,744 INFO org.springframework.boot.StartupInfoLogger [main] Starting UserAppApplication using Java 1.8.0_202 on DESKTOP-R18GS1D with PID 3672 (E:\UserApp\UserApp\target\classes started by User in E:\UserApp\UserApp)
2023-12-27 14:16:59,753 INFO org.springframework.boot.SpringApplication [main] No active profile set, falling back to 1 default profile: "default"
2023-12-27 14:17:02,543 INFO org.springframework.data.repository.config.RepositoryConfigurationDelegate [main] Bootstrapping Spring Data JPA repositories in DEFAULT mode.
2023-12-27 14:17:02,841 INFO org.springframework.data.repository.config.RepositoryConfigurationDelegate [main] Finished Spring Data repository scanning in 270 ms. Found 8 JPA repository interfaces.
2023-12-27 14:17:05,351 INFO org.springframework.boot.web.embedded.tomcat.TomcatWebServer [main] Tomcat initialized with port(s): 9007 (http)
2023-12-27 14:17:05,372 INFO org.apache.juli.logging.DirectJDKLog [main] Initializing ProtocolHandler ["http-nio-9007"]
2023-12-27 14:17:05,375 INFO org.apache.juli.logging.DirectJDKLog [main] Starting service [Tomcat]
2023-12-27 14:17:05,376 INFO org.apache.juli.logging.DirectJDKLog [main] Starting Servlet engine: [Apache Tomcat/9.0.73]
2023-12-27 14:17:05,917 INFO org.apache.juli.logging.DirectJDKLog [main] Initializing Spring embedded WebApplicationContext
2023-12-27 14:17:05,918 INFO org.springframework.boot.web.servlet.context.ServletWebServerApplicationContext [main] Root WebApplicationContext: initialization completed in 5952 ms
2023-12-27 14:17:06,649 INFO com.zaxxer.hikari.HikariDataSource [main] HikariPool-1 - Starting...
2023-12-27 14:17:07,879 INFO com.zaxxer.hikari.HikariDataSource [main] HikariPool-1 - Start completed.
2023-12-27 14:17:08,704 INFO org.hibernate.jpa.internal.util.LogHelper [main] HHH000204: Processing PersistenceUnitInfo [name: default]
2023-12-27 14:17:08,908 INFO org.hibernate.Version [main] HHH000412: Hibernate ORM core version 5.6.15.Final
2023-12-27 14:17:09,597 INFO org.hibernate.annotations.common.reflection.java.JavaReflectionManager [main] HCANN000001: Hibernate Commons Annotations {5.1.2.Final}
2023-12-27 14:17:10,162 INFO org.hibernate.dialect.Dialect [main] HHH000400: Using dialect: org.hibernate.dialect.MySQL8Dialect
2023-12-27 14:17:13,903 INFO org.hibernate.engine.transaction.jta.platform.internal.JtaPlatformInitiator [main] HHH000490: Using JtaPlatform implementation: [org.hibernate.engine.transaction.jta.platform.internal.NoJtaPlatform]
2023-12-27 14:17:13,945 INFO org.springframework.orm.jpa.AbstractEntityManagerFactoryBean [main] Initialized JPA EntityManagerFactory for persistence unit 'default'
2023-12-27 14:17:18,214 WARN org.springframework.boot.autoconfigure.orm.jpa.JpaBaseConfiguration$JpaWebConfiguration [main] spring.jpa.open-in-view is enabled by default. Therefore, database queries may be performed during view rendering. Explicitly configure spring.jpa.open-in-view to disable this warning
2023-12-27 14:17:18,893 INFO org.springframework.boot.autoconfigure.web.servlet.WelcomePageHandlerMapping [main] Adding welcome page template: index
2023-12-27 14:17:19,499 INFO org.springframework.security.web.DefaultSecurityFilterChain [main] Will secure any request with [org.springframework.security.web.session.DisableEncodeUrlFilter@13e5c53c, org.springframework.security.web.context.request.async.WebAsyncManagerIntegrationFilter@5d03df76, org.springframework.security.web.context.SecurityContextPersistenceFilter@5ce0f50a, org.springframework.security.web.header.HeaderWriterFilter@62376bdd, org.springframework.web.filter.CorsFilter@17f7a1af, org.springframework.security.web.authentication.logout.LogoutFilter@f5b4ca6, org.springframework.security.web.savedrequest.RequestCacheAwareFilter@63541cd4, org.springframework.security.web.servletapi.SecurityContextHolderAwareRequestFilter@4afdb05e, org.springframework.security.web.authentication.AnonymousAuthenticationFilter@d62feaf, org.springframework.security.web.session.SessionManagementFilter@63c66980, org.springframework.security.web.access.ExceptionTranslationFilter@530a46f4, org.springframework.security.web.access.intercept.FilterSecurityInterceptor@55849272]
2023-12-27 14:17:20,229 INFO org.apache.juli.logging.DirectJDKLog [main] Starting ProtocolHandler ["http-nio-9007"]
2023-12-27 14:17:20,408 INFO org.springframework.boot.web.embedded.tomcat.TomcatWebServer [main] Tomcat started on port(s): 9007 (http) with context path ''
2023-12-27 14:17:20,629 INFO org.springframework.scheduling.annotation.ScheduledAnnotationBeanPostProcessor [main] No TaskScheduler/ScheduledExecutorService bean found for scheduled processing
2023-12-27 14:17:20,680 INFO org.springframework.boot.StartupInfoLogger [main] Started UserAppApplication in 21.97 seconds (JVM running for 24.022)
2023-12-27 14:22:36,826 INFO org.apache.juli.logging.DirectJDKLog [http-nio-9007-exec-1] Initializing Spring DispatcherServlet 'dispatcherServlet'
2023-12-27 14:22:36,920 INFO org.springframework.web.servlet.FrameworkServlet [http-nio-9007-exec-1] Initializing Servlet 'dispatcherServlet'
2023-12-27 14:22:36,928 INFO org.springframework.web.servlet.FrameworkServlet [http-nio-9007-exec-1] Completed initialization in 8 ms
2023-12-27 14:22:37,281 WARN org.springframework.web.servlet.handler.AbstractHandlerExceptionResolver [http-nio-9007-exec-1] Resolved [org.springframework.web.HttpRequestMethodNotSupportedException: Request method 'GET' not supported]
2023-12-27 14:22:54,508 INFO com.firoztechi.UserApp.UserApp.Controller.UserController [http-nio-9007-exec-3] Login started
2023-12-27 14:24:43,853 INFO org.apache.juli.logging.DirectJDKLog [http-nio-9006-exec-1] Initializing Spring DispatcherServlet 'dispatcherServlet'
2023-12-27 14:24:45,626 INFO org.springframework.web.servlet.FrameworkServlet [http-nio-9006-exec-1] Initializing Servlet 'dispatcherServlet'
2023-12-27 14:25:01,759 INFO org.springframework.web.servlet.FrameworkServlet [http-nio-9006-exec-1] Completed initialization in 15982 ms
2023-12-27 14:25:29,773 WARN org.springframework.web.servlet.handler.AbstractHandlerExceptionResolver [http-nio-9006-exec-1] Resolved [org.springframework.web.HttpRequestMethodNotSupportedException: Request method 'GET' not supported]
2023-12-27 14:26:07,943 ERROR org.apache.juli.logging.DirectJDKLog [http-nio-9006-exec-1] Exception Processing ErrorPage[errorCode=0, location=/error]
org.apache.catalina.connector.ClientAbortException: java.io.IOException: An established connection was aborted by the software in your host machine
	at org.apache.catalina.connector.OutputBuffer.doFlush(OutputBuffer.java:309)
	at org.apache.catalina.connector.OutputBuffer.flush(OutputBuffer.java:271)
	at org.apache.catalina.connector.CoyoteOutputStream.flush(CoyoteOutputStream.java:118)
	at org.springframework.session.web.http.OnCommittedResponseWrapper$SaveContextServletOutputStream.flush(OnCommittedResponseWrapper.java:499)
	at org.springframework.security.web.util.OnCommittedResponseWrapper$SaveContextServletOutputStream.flush(OnCommittedResponseWrapper.java:523)
	at java.io.FilterOutputStream.flush(FilterOutputStream.java:140)
	at com.fasterxml.jackson.core.json.UTF8JsonGenerator.flush(UTF8JsonGenerator.java:1187)
	at com.fasterxml.jackson.databind.ObjectWriter.writeValue(ObjectWriter.java:1009)
	at org.springframework.http.converter.json.AbstractJackson2HttpMessageConverter.writeInternal(AbstractJackson2HttpMessageConverter.java:456)
	at org.springframework.http.converter.AbstractGenericHttpMessageConverter.write(AbstractGenericHttpMessageConverter.java:104)
	at org.springframework.web.servlet.mvc.method.annotation.AbstractMessageConverterMethodProcessor.writeWithMessageConverters(AbstractMessageConverterMethodProcessor.java:290)
	at org.springframework.web.servlet.mvc.method.annotation.HttpEntityMethodProcessor.handleReturnValue(HttpEntityMethodProcessor.java:219)
	at org.springframework.web.method.support.HandlerMethodReturnValueHandlerComposite.handleReturnValue(HandlerMethodReturnValueHandlerComposite.java:78)
	at org.springframework.web.servlet.mvc.method.annotation.ServletInvocableHandlerMethod.invokeAndHandle(ServletInvocableHandlerMethod.java:135)
	at org.springframework.web.servlet.mvc.method.annotation.RequestMappingHandlerAdapter.invokeHandlerMethod(RequestMappingHandlerAdapter.java:895)
	at org.springframework.web.servlet.mvc.method.annotation.RequestMappingHandlerAdapter.handleInternal(RequestMappingHandlerAdapter.java:808)
	at org.springframework.web.servlet.mvc.method.AbstractHandlerMethodAdapter.handle(AbstractHandlerMethodAdapter.java:87)
	at org.springframework.web.servlet.DispatcherServlet.doDispatch(DispatcherServlet.java:1072)
	at org.springframework.web.servlet.DispatcherServlet.doService(DispatcherServlet.java:965)
	at org.springframework.web.servlet.FrameworkServlet.processRequest(FrameworkServlet.java:1006)
	at org.springframework.web.servlet.FrameworkServlet.doGet(FrameworkServlet.java:898)
	at javax.servlet.http.HttpServlet.service(HttpServlet.java:502)
	at org.springframework.web.servlet.FrameworkServlet.service(FrameworkServlet.java:883)
	at javax.servlet.http.HttpServlet.service(HttpServlet.java:596)
	at org.apache.catalina.core.ApplicationFilterChain.internalDoFilter(ApplicationFilterChain.java:209)
	at org.apache.catalina.core.ApplicationFilterChain.doFilter(ApplicationFilterChain.java:153)
	at org.springframework.boot.web.servlet.filter.ErrorPageSecurityFilter.doFilter(ErrorPageSecurityFilter.java:80)
	at org.springframework.boot.web.servlet.filter.ErrorPageSecurityFilter.doFilter(ErrorPageSecurityFilter.java:70)
	at org.apache.catalina.core.ApplicationFilterChain.internalDoFilter(ApplicationFilterChain.java:178)
	at org.apache.catalina.core.ApplicationFilterChain.doFilter(ApplicationFilterChain.java:153)
	at org.springframework.security.web.FilterChainProxy$VirtualFilterChain.doFilter(FilterChainProxy.java:337)
	at org.springframework.security.web.access.intercept.FilterSecurityInterceptor.invoke(FilterSecurityInterceptor.java:106)
	at org.springframework.security.web.access.intercept.FilterSecurityInterceptor.doFilter(FilterSecurityInterceptor.java:81)
	at org.springframework.security.web.FilterChainProxy$VirtualFilterChain.doFilter(FilterChainProxy.java:346)
	at org.springframework.security.web.access.ExceptionTranslationFilter.doFilter(ExceptionTranslationFilter.java:122)
	at org.springframework.security.web.access.ExceptionTranslationFilter.doFilter(ExceptionTranslationFilter.java:116)
	at org.springframework.security.web.FilterChainProxy$VirtualFilterChain.doFilter(FilterChainProxy.java:346)
	at org.springframework.security.web.session.SessionManagementFilter.doFilter(SessionManagementFilter.java:87)
	at org.springframework.security.web.session.SessionManagementFilter.doFilter(SessionManagementFilter.java:81)
	at org.springframework.security.web.FilterChainProxy$VirtualFilterChain.doFilter(FilterChainProxy.java:346)
	at org.springframework.security.web.authentication.AnonymousAuthenticationFilter.doFilter(AnonymousAuthenticationFilter.java:109)
	at org.springframework.security.web.FilterChainProxy$VirtualFilterChain.doFilter(FilterChainProxy.java:346)
	at org.springframework.security.web.servletapi.SecurityContextHolderAwareRequestFilter.doFilter(SecurityContextHolderAwareRequestFilter.java:149)
	at org.springframework.security.web.FilterChainProxy$VirtualFilterChain.doFilter(FilterChainProxy.java:346)
	at org.springframework.security.web.savedrequest.RequestCacheAwareFilter.doFilter(RequestCacheAwareFilter.java:63)
	at org.springframework.security.web.FilterChainProxy$VirtualFilterChain.doFilter(FilterChainProxy.java:346)
	at org.springframework.security.web.authentication.logout.LogoutFilter.doFilter(LogoutFilter.java:103)
	at org.springframework.security.web.authentication.logout.LogoutFilter.doFilter(LogoutFilter.java:89)
	at org.springframework.security.web.FilterChainProxy$VirtualFilterChain.doFilter(FilterChainProxy.java:346)
	at org.springframework.web.filter.OncePerRequestFilter.doFilter(OncePerRequestFilter.java:102)
	at org.springframework.security.web.FilterChainProxy$VirtualFilterChain.doFilter(FilterChainProxy.java:346)
	at org.springframework.web.filter.OncePerRequestFilter.doFilter(OncePerRequestFilter.java:102)
	at org.springframework.security.web.FilterChainProxy$VirtualFilterChain.doFilter(FilterChainProxy.java:346)
	at org.springframework.security.web.context.SecurityContextPersistenceFilter.doFilter(SecurityContextPersistenceFilter.java:112)
	at org.springframework.security.web.context.SecurityContextPersistenceFilter.doFilter(SecurityContextPersistenceFilter.java:82)
	at org.springframework.security.web.FilterChainProxy$VirtualFilterChain.doFilter(FilterChainProxy.java:346)
	at org.springframework.web.filter.OncePerRequestFilter.doFilter(OncePerRequestFilter.java:102)
	at org.springframework.security.web.FilterChainProxy$VirtualFilterChain.doFilter(FilterChainProxy.java:346)
	at org.springframework.web.filter.OncePerRequestFilter.doFilter(OncePerRequestFilter.java:102)
	at org.springframework.security.web.FilterChainProxy$VirtualFilterChain.doFilter(FilterChainProxy.java:346)
	at org.springframework.security.web.FilterChainProxy.doFilterInternal(FilterChainProxy.java:221)
	at org.springframework.security.web.FilterChainProxy.doFilter(FilterChainProxy.java:186)
	at org.springframework.web.filter.DelegatingFilterProxy.invokeDelegate(DelegatingFilterProxy.java:354)
	at org.springframework.web.filter.DelegatingFilterProxy.doFilter(DelegatingFilterProxy.java:267)
	at org.apache.catalina.core.ApplicationFilterChain.internalDoFilter(ApplicationFilterChain.java:178)
	at org.apache.catalina.core.ApplicationFilterChain.doFilter(ApplicationFilterChain.java:153)
	at org.springframework.web.filter.RequestContextFilter.doFilterInternal(RequestContextFilter.java:100)
	at org.springframework.web.filter.OncePerRequestFilter.doFilter(OncePerRequestFilter.java:117)
	at org.apache.catalina.core.ApplicationFilterChain.internalDoFilter(ApplicationFilterChain.java:178)
	at org.apache.catalina.core.ApplicationFilterChain.doFilter(ApplicationFilterChain.java:153)
	at org.springframework.web.filter.OncePerRequestFilter.doFilter(OncePerRequestFilter.java:102)
	at org.apache.catalina.core.ApplicationFilterChain.internalDoFilter(ApplicationFilterChain.java:178)
	at org.apache.catalina.core.ApplicationFilterChain.doFilter(ApplicationFilterChain.java:153)
	at org.springframework.session.web.http.SessionRepositoryFilter.doFilterInternal(SessionRepositoryFilter.java:142)
	at org.springframework.session.web.http.OncePerRequestFilter.doFilter(OncePerRequestFilter.java:82)
	at org.apache.catalina.core.ApplicationFilterChain.internalDoFilter(ApplicationFilterChain.java:178)
	at org.apache.catalina.core.ApplicationFilterChain.doFilter(ApplicationFilterChain.java:153)
	at org.springframework.web.filter.OncePerRequestFilter.doFilter(OncePerRequestFilter.java:102)
	at org.apache.catalina.core.ApplicationFilterChain.internalDoFilter(ApplicationFilterChain.java:178)
	at org.apache.catalina.core.ApplicationFilterChain.doFilter(ApplicationFilterChain.java:153)
	at org.apache.catalina.core.ApplicationDispatcher.invoke(ApplicationDispatcher.java:661)
	at org.apache.catalina.core.ApplicationDispatcher.processRequest(ApplicationDispatcher.java:427)
	at org.apache.catalina.core.ApplicationDispatcher.doForward(ApplicationDispatcher.java:357)
	at org.apache.catalina.core.ApplicationDispatcher.forward(ApplicationDispatcher.java:294)
	at org.apache.catalina.core.StandardHostValve.custom(StandardHostValve.java:373)
	at org.apache.catalina.core.StandardHostValve.status(StandardHostValve.java:237)
	at org.apache.catalina.core.StandardHostValve.invoke(StandardHostValve.java:166)
	at org.apache.catalina.valves.ErrorReportValve.invoke(ErrorReportValve.java:93)
	at org.apache.catalina.core.StandardEngineValve.invoke(StandardEngineValve.java:74)
	at org.apache.catalina.connector.CoyoteAdapter.service(CoyoteAdapter.java:343)
	at org.apache.coyote.http11.Http11Processor.service(Http11Processor.java:389)
	at org.apache.coyote.AbstractProcessorLight.process(AbstractProcessorLight.java:63)
	at org.apache.coyote.AbstractProtocol$ConnectionHandler.process(AbstractProtocol.java:926)
	at org.apache.tomcat.util.net.NioEndpoint$SocketProcessor.doRun(NioEndpoint.java:1791)
	at org.apache.tomcat.util.net.SocketProcessorBase.run(SocketProcessorBase.java:49)
	at org.apache.tomcat.util.threads.ThreadPoolExecutor.runWorker(ThreadPoolExecutor.java:1191)
	at org.apache.tomcat.util.threads.ThreadPoolExecutor$Worker.run(ThreadPoolExecutor.java:659)
	at org.apache.tomcat.util.threads.TaskThread$WrappingRunnable.run(TaskThread.java:61)
	at java.lang.Thread.run(Thread.java:748)
Caused by: java.io.IOException: An established connection was aborted by the software in your host machine
	at sun.nio.ch.SocketDispatcher.write0(Native Method)
	at sun.nio.ch.SocketDispatcher.write(SocketDispatcher.java:51)
	at sun.nio.ch.IOUtil.writeFromNativeBuffer(IOUtil.java:93)
	at sun.nio.ch.IOUtil.write(IOUtil.java:65)
	at sun.nio.ch.SocketChannelImpl.write(SocketChannelImpl.java:471)
	at org.apache.tomcat.util.net.NioChannel.write(NioChannel.java:136)
	at org.apache.tomcat.util.net.NioEndpoint$NioSocketWrapper.doWrite(NioEndpoint.java:1431)
	at org.apache.tomcat.util.net.SocketWrapperBase.doWrite(SocketWrapperBase.java:768)
	at org.apache.tomcat.util.net.SocketWrapperBase.flushBlocking(SocketWrapperBase.java:732)
	at org.apache.tomcat.util.net.SocketWrapperBase.flush(SocketWrapperBase.java:716)
	at org.apache.coyote.http11.Http11OutputBuffer$SocketOutputBuffer.flush(Http11OutputBuffer.java:566)
	at org.apache.coyote.http11.filters.ChunkedOutputFilter.flush(ChunkedOutputFilter.java:157)
	at org.apache.coyote.http11.Http11OutputBuffer.flush(Http11OutputBuffer.java:220)
	at org.apache.coyote.http11.Http11Processor.flush(Http11Processor.java:1244)
	at org.apache.coyote.AbstractProcessor.action(AbstractProcessor.java:397)
	at org.apache.coyote.Response.action(Response.java:207)
	at org.apache.catalina.connector.OutputBuffer.doFlush(OutputBuffer.java:305)
	... 98 common frames omitted
2023-12-27 14:33:15,348 INFO com.firoztechi.UserApp.UserApp.Controller.UserController [http-nio-9007-exec-5] Login started
2023-12-27 14:35:16,736 INFO com.firoztechi.UserApp.UserApp.Controller.UserController [http-nio-9007-exec-7] Login started
2023-12-27 14:36:14,449 INFO com.firoztechi.UserApp.UserApp.Controller.UserController [http-nio-9007-exec-8] Login started
2023-12-27 14:37:24,517 INFO com.firoztechi.UserApp.UserApp.Controller.UserController [http-nio-9007-exec-8] Login success
2023-12-27 15:06:56,432 INFO org.springframework.boot.StartupInfoLogger [main] Starting UserAppApplication using Java 1.8.0_202 on DESKTOP-R18GS1D with PID 2604 (E:\UserApp\UserApp\target\classes started by User in E:\UserApp\UserApp)
2023-12-27 15:06:56,524 INFO org.springframework.boot.SpringApplication [main] No active profile set, falling back to 1 default profile: "default"
2023-12-27 15:07:00,891 INFO org.springframework.data.repository.config.RepositoryConfigurationDelegate [main] Bootstrapping Spring Data JPA repositories in DEFAULT mode.
2023-12-27 15:07:01,281 INFO org.springframework.data.repository.config.RepositoryConfigurationDelegate [main] Finished Spring Data repository scanning in 357 ms. Found 8 JPA repository interfaces.
2023-12-27 15:07:04,386 INFO org.springframework.boot.web.embedded.tomcat.TomcatWebServer [main] Tomcat initialized with port(s): 9007 (http)
2023-12-27 15:07:04,411 INFO org.apache.juli.logging.DirectJDKLog [main] Initializing ProtocolHandler ["http-nio-9007"]
2023-12-27 15:07:04,412 INFO org.apache.juli.logging.DirectJDKLog [main] Starting service [Tomcat]
2023-12-27 15:07:04,413 INFO org.apache.juli.logging.DirectJDKLog [main] Starting Servlet engine: [Apache Tomcat/9.0.73]
2023-12-27 15:07:05,073 INFO org.apache.juli.logging.DirectJDKLog [main] Initializing Spring embedded WebApplicationContext
2023-12-27 15:07:05,074 INFO org.springframework.boot.web.servlet.context.ServletWebServerApplicationContext [main] Root WebApplicationContext: initialization completed in 8142 ms
2023-12-27 15:07:05,787 INFO com.zaxxer.hikari.HikariDataSource [main] HikariPool-1 - Starting...
2023-12-27 15:07:07,639 INFO com.zaxxer.hikari.HikariDataSource [main] HikariPool-1 - Start completed.
2023-12-27 15:07:09,048 INFO org.hibernate.jpa.internal.util.LogHelper [main] HHH000204: Processing PersistenceUnitInfo [name: default]
2023-12-27 15:07:09,222 INFO org.hibernate.Version [main] HHH000412: Hibernate ORM core version 5.6.15.Final
2023-12-27 15:07:10,008 INFO org.hibernate.annotations.common.reflection.java.JavaReflectionManager [main] HCANN000001: Hibernate Commons Annotations {5.1.2.Final}
2023-12-27 15:07:10,770 INFO org.hibernate.dialect.Dialect [main] HHH000400: Using dialect: org.hibernate.dialect.MySQL8Dialect
2023-12-27 15:07:14,606 INFO org.hibernate.engine.transaction.jta.platform.internal.JtaPlatformInitiator [main] HHH000490: Using JtaPlatform implementation: [org.hibernate.engine.transaction.jta.platform.internal.NoJtaPlatform]
2023-12-27 15:07:14,633 INFO org.springframework.orm.jpa.AbstractEntityManagerFactoryBean [main] Initialized JPA EntityManagerFactory for persistence unit 'default'
2023-12-27 15:07:17,829 WARN org.springframework.boot.autoconfigure.orm.jpa.JpaBaseConfiguration$JpaWebConfiguration [main] spring.jpa.open-in-view is enabled by default. Therefore, database queries may be performed during view rendering. Explicitly configure spring.jpa.open-in-view to disable this warning
2023-12-27 15:07:18,585 INFO org.springframework.boot.autoconfigure.web.servlet.WelcomePageHandlerMapping [main] Adding welcome page template: index
2023-12-27 15:07:20,310 INFO org.springframework.security.web.DefaultSecurityFilterChain [main] Will secure any request with [org.springframework.security.web.session.DisableEncodeUrlFilter@34893693, org.springframework.security.web.context.request.async.WebAsyncManagerIntegrationFilter@6408a8ac, org.springframework.security.web.context.SecurityContextPersistenceFilter@578781f7, org.springframework.security.web.header.HeaderWriterFilter@6b7e4db6, org.springframework.web.filter.CorsFilter@2f70d78c, org.springframework.security.web.authentication.logout.LogoutFilter@42d96745, org.springframework.security.web.savedrequest.RequestCacheAwareFilter@22e253c7, org.springframework.security.web.servletapi.SecurityContextHolderAwareRequestFilter@4960b819, org.springframework.security.web.authentication.AnonymousAuthenticationFilter@456c53a, org.springframework.security.web.session.SessionManagementFilter@48dc9950, org.springframework.security.web.access.ExceptionTranslationFilter@5978ba12, org.springframework.security.web.access.intercept.FilterSecurityInterceptor@44ac94c2]
2023-12-27 15:07:21,192 INFO org.apache.juli.logging.DirectJDKLog [main] Starting ProtocolHandler ["http-nio-9007"]
2023-12-27 15:07:21,278 INFO org.springframework.boot.web.embedded.tomcat.TomcatWebServer [main] Tomcat started on port(s): 9007 (http) with context path ''
2023-12-27 15:07:21,529 INFO org.springframework.scheduling.annotation.ScheduledAnnotationBeanPostProcessor [main] No TaskScheduler/ScheduledExecutorService bean found for scheduled processing
2023-12-27 15:07:21,554 INFO org.springframework.boot.StartupInfoLogger [main] Started UserAppApplication in 26.193 seconds (JVM running for 29.121)
2023-12-27 15:08:21,787 INFO org.apache.juli.logging.DirectJDKLog [http-nio-9007-exec-1] Initializing Spring DispatcherServlet 'dispatcherServlet'
2023-12-27 15:08:21,790 INFO org.springframework.web.servlet.FrameworkServlet [http-nio-9007-exec-1] Initializing Servlet 'dispatcherServlet'
2023-12-27 15:08:21,793 INFO org.springframework.web.servlet.FrameworkServlet [http-nio-9007-exec-1] Completed initialization in 2 ms
2023-12-27 15:08:22,254 INFO com.firoztechi.UserApp.UserApp.Controller.UserController [http-nio-9007-exec-1] Login started
2023-12-27 15:08:33,624 INFO com.firoztechi.UserApp.UserApp.Controller.UserController [http-nio-9007-exec-1] Login success
2023-12-27 15:28:15,229 WARN com.zaxxer.hikari.pool.HikariPool$HouseKeeper [HikariPool-1 housekeeper] HikariPool-1 - Thread starvation or clock leap detected (housekeeper delta=1m6s632ms995µs900ns).
2023-12-27 15:30:54,613 INFO org.springframework.boot.StartupInfoLogger [main] Starting UserAppApplication using Java 1.8.0_202 on DESKTOP-R18GS1D with PID 4376 (E:\UserApp\UserApp\target\classes started by User in E:\UserApp\UserApp)
2023-12-27 15:30:54,620 INFO org.springframework.boot.SpringApplication [main] No active profile set, falling back to 1 default profile: "default"
2023-12-27 15:31:00,410 INFO org.springframework.data.repository.config.RepositoryConfigurationDelegate [main] Bootstrapping Spring Data JPA repositories in DEFAULT mode.
2023-12-27 15:31:01,608 INFO org.springframework.data.repository.config.RepositoryConfigurationDelegate [main] Finished Spring Data repository scanning in 1146 ms. Found 8 JPA repository interfaces.
2023-12-27 15:31:06,003 INFO org.springframework.boot.web.embedded.tomcat.TomcatWebServer [main] Tomcat initialized with port(s): 9007 (http)
2023-12-27 15:31:06,034 INFO org.apache.juli.logging.DirectJDKLog [main] Initializing ProtocolHandler ["http-nio-9007"]
2023-12-27 15:31:06,040 INFO org.apache.juli.logging.DirectJDKLog [main] Starting service [Tomcat]
2023-12-27 15:31:06,045 INFO org.apache.juli.logging.DirectJDKLog [main] Starting Servlet engine: [Apache Tomcat/9.0.73]
2023-12-27 15:31:06,813 INFO org.apache.juli.logging.DirectJDKLog [main] Initializing Spring embedded WebApplicationContext
2023-12-27 15:31:06,814 INFO org.springframework.boot.web.servlet.context.ServletWebServerApplicationContext [main] Root WebApplicationContext: initialization completed in 11942 ms
2023-12-27 15:31:07,543 INFO com.zaxxer.hikari.HikariDataSource [main] HikariPool-1 - Starting...
2023-12-27 15:31:10,272 INFO com.zaxxer.hikari.HikariDataSource [main] HikariPool-1 - Start completed.
2023-12-27 15:31:13,395 INFO org.hibernate.jpa.internal.util.LogHelper [main] HHH000204: Processing PersistenceUnitInfo [name: default]
2023-12-27 15:31:13,701 INFO org.hibernate.Version [main] HHH000412: Hibernate ORM core version 5.6.15.Final
2023-12-27 15:31:15,456 INFO org.hibernate.annotations.common.reflection.java.JavaReflectionManager [main] HCANN000001: Hibernate Commons Annotations {5.1.2.Final}
2023-12-27 15:31:16,161 INFO org.hibernate.dialect.Dialect [main] HHH000400: Using dialect: org.hibernate.dialect.MySQL8Dialect
2023-12-27 15:31:21,300 INFO org.hibernate.engine.transaction.jta.platform.internal.JtaPlatformInitiator [main] HHH000490: Using JtaPlatform implementation: [org.hibernate.engine.transaction.jta.platform.internal.NoJtaPlatform]
2023-12-27 15:31:21,335 INFO org.springframework.orm.jpa.AbstractEntityManagerFactoryBean [main] Initialized JPA EntityManagerFactory for persistence unit 'default'
2023-12-27 15:31:26,895 WARN org.springframework.boot.autoconfigure.orm.jpa.JpaBaseConfiguration$JpaWebConfiguration [main] spring.jpa.open-in-view is enabled by default. Therefore, database queries may be performed during view rendering. Explicitly configure spring.jpa.open-in-view to disable this warning
2023-12-27 15:31:27,884 INFO org.springframework.boot.autoconfigure.web.servlet.WelcomePageHandlerMapping [main] Adding welcome page template: index
2023-12-27 15:31:28,503 INFO org.springframework.security.web.DefaultSecurityFilterChain [main] Will secure any request with [org.springframework.security.web.session.DisableEncodeUrlFilter@52737c1, org.springframework.security.web.context.request.async.WebAsyncManagerIntegrationFilter@158cb50a, org.springframework.security.web.context.SecurityContextPersistenceFilter@45649467, org.springframework.security.web.header.HeaderWriterFilter@501b15b9, org.springframework.web.filter.CorsFilter@649a6d88, org.springframework.security.web.authentication.logout.LogoutFilter@22a8e87b, org.springframework.security.web.savedrequest.RequestCacheAwareFilter@620e0d36, org.springframework.security.web.servletapi.SecurityContextHolderAwareRequestFilter@6ebf9c2d, org.springframework.security.web.authentication.AnonymousAuthenticationFilter@69e23e94, org.springframework.security.web.session.SessionManagementFilter@7d76d72a, org.springframework.security.web.access.ExceptionTranslationFilter@202b5293, org.springframework.security.web.access.intercept.FilterSecurityInterceptor@4a937d43]
2023-12-27 15:31:29,516 INFO org.apache.juli.logging.DirectJDKLog [main] Starting ProtocolHandler ["http-nio-9007"]
2023-12-27 15:31:29,634 INFO org.springframework.boot.web.embedded.tomcat.TomcatWebServer [main] Tomcat started on port(s): 9007 (http) with context path ''
2023-12-27 15:31:29,694 INFO org.springframework.scheduling.annotation.ScheduledAnnotationBeanPostProcessor [main] No TaskScheduler/ScheduledExecutorService bean found for scheduled processing
2023-12-27 15:31:29,728 INFO org.springframework.boot.StartupInfoLogger [main] Started UserAppApplication in 36.301 seconds (JVM running for 39.512)
2023-12-27 15:33:34,303 INFO org.apache.juli.logging.DirectJDKLog [http-nio-9007-exec-1] Initializing Spring DispatcherServlet 'dispatcherServlet'
2023-12-27 15:33:34,303 INFO org.springframework.web.servlet.FrameworkServlet [http-nio-9007-exec-1] Initializing Servlet 'dispatcherServlet'
2023-12-27 15:33:34,311 INFO org.springframework.web.servlet.FrameworkServlet [http-nio-9007-exec-1] Completed initialization in 7 ms
2023-12-27 15:33:34,929 INFO com.firoztechi.UserApp.UserApp.Controller.UserController [http-nio-9007-exec-1] Login started
2023-12-27 15:33:47,724 INFO com.firoztechi.UserApp.UserApp.Controller.UserController [http-nio-9007-exec-1] Login success
