2024-03-02 15:33:42,292 INFO org.springframework.boot.StartupInfoLogger [main] Starting UserAppApplication using Java 1.8.0_202 on DESKTOP-R18GS1D with PID 7984 (E:\UserApp\UserApp\target\classes started by User in E:\UserApp\UserApp)
2024-03-02 15:33:42,300 INFO org.springframework.boot.SpringApplication [main] No active profile set, falling back to 1 default profile: "default"
2024-03-02 15:33:44,990 INFO org.springframework.data.repository.config.RepositoryConfigurationDelegate [main] Bootstrapping Spring Data JPA repositories in DEFAULT mode.
2024-03-02 15:33:45,262 INFO org.springframework.data.repository.config.RepositoryConfigurationDelegate [main] Finished Spring Data repository scanning in 245 ms. Found 12 JPA repository interfaces.
2024-03-02 15:33:47,677 INFO org.springframework.boot.web.embedded.tomcat.TomcatWebServer [main] Tomcat initialized with port(s): 9005 (http)
2024-03-02 15:33:47,701 INFO org.apache.juli.logging.DirectJDKLog [main] Initializing ProtocolHandler ["http-nio-9005"]
2024-03-02 15:33:47,703 INFO org.apache.juli.logging.DirectJDKLog [main] Starting service [Tomcat]
2024-03-02 15:33:47,704 INFO org.apache.juli.logging.DirectJDKLog [main] Starting Servlet engine: [Apache Tomcat/9.0.73]
2024-03-02 15:33:48,239 INFO org.apache.juli.logging.DirectJDKLog [main] Initializing Spring embedded WebApplicationContext
2024-03-02 15:33:48,240 INFO org.springframework.boot.web.servlet.context.ServletWebServerApplicationContext [main] Root WebApplicationContext: initialization completed in 5705 ms
2024-03-02 15:33:48,881 INFO com.zaxxer.hikari.HikariDataSource [main] HikariPool-1 - Starting...
2024-03-02 15:33:50,134 INFO com.zaxxer.hikari.HikariDataSource [main] HikariPool-1 - Start completed.
2024-03-02 15:33:50,837 INFO org.hibernate.jpa.internal.util.LogHelper [main] HHH000204: Processing PersistenceUnitInfo [name: default]
2024-03-02 15:33:51,092 INFO org.hibernate.Version [main] HHH000412: Hibernate ORM core version 5.6.15.Final
2024-03-02 15:33:51,715 INFO org.hibernate.annotations.common.reflection.java.JavaReflectionManager [main] HCANN000001: Hibernate Commons Annotations {5.1.2.Final}
2024-03-02 15:33:52,255 INFO org.hibernate.dialect.Dialect [main] HHH000400: Using dialect: org.hibernate.dialect.MySQL8Dialect
2024-03-02 15:33:55,273 INFO org.hibernate.engine.transaction.jta.platform.internal.JtaPlatformInitiator [main] HHH000490: Using JtaPlatform implementation: [org.hibernate.engine.transaction.jta.platform.internal.NoJtaPlatform]
2024-03-02 15:33:55,303 INFO org.springframework.orm.jpa.AbstractEntityManagerFactoryBean [main] Initialized JPA EntityManagerFactory for persistence unit 'default'
2024-03-02 15:33:59,671 WARN org.springframework.boot.autoconfigure.orm.jpa.JpaBaseConfiguration$JpaWebConfiguration [main] spring.jpa.open-in-view is enabled by default. Therefore, database queries may be performed during view rendering. Explicitly configure spring.jpa.open-in-view to disable this warning
2024-03-02 15:34:00,659 INFO org.springframework.boot.autoconfigure.web.servlet.WelcomePageHandlerMapping [main] Adding welcome page template: index
2024-03-02 15:34:01,151 INFO org.springframework.security.web.DefaultSecurityFilterChain [main] Will secure any request with [org.springframework.security.web.session.DisableEncodeUrlFilter@5bb661e0, org.springframework.security.web.context.request.async.WebAsyncManagerIntegrationFilter@18fcfe7e, org.springframework.security.web.context.SecurityContextPersistenceFilter@363d29dd, org.springframework.security.web.header.HeaderWriterFilter@22e650e, org.springframework.web.filter.CorsFilter@1ed0128b, org.springframework.security.web.authentication.logout.LogoutFilter@46ae897c, org.springframework.security.web.savedrequest.RequestCacheAwareFilter@40f77135, org.springframework.security.web.servletapi.SecurityContextHolderAwareRequestFilter@7866ffa, org.springframework.security.web.authentication.AnonymousAuthenticationFilter@5319e4fc, org.springframework.security.web.session.SessionManagementFilter@3203a4ae, org.springframework.security.web.access.ExceptionTranslationFilter@15324f25, org.springframework.security.web.access.intercept.FilterSecurityInterceptor@659565ed]
2024-03-02 15:34:01,811 INFO org.apache.juli.logging.DirectJDKLog [main] Starting ProtocolHandler ["http-nio-9005"]
2024-03-02 15:34:01,911 INFO org.springframework.boot.web.embedded.tomcat.TomcatWebServer [main] Tomcat started on port(s): 9005 (http) with context path ''
2024-03-02 15:34:01,985 INFO org.springframework.scheduling.annotation.ScheduledAnnotationBeanPostProcessor [main] No TaskScheduler/ScheduledExecutorService bean found for scheduled processing
2024-03-02 15:34:02,008 INFO org.springframework.boot.StartupInfoLogger [main] Started UserAppApplication in 20.783 seconds (JVM running for 23.406)
