2024-02-28 12:46:06,536 INFO org.springframework.boot.StartupInfoLogger [main] Starting UserAppApplication using Java 1.8.0_202 on DESKTOP-R18GS1D with PID 7180 (E:\UserApp\UserApp\target\classes started by User in E:\UserApp\UserApp)
2024-02-28 12:46:06,546 INFO org.springframework.boot.SpringApplication [main] No active profile set, falling back to 1 default profile: "default"
2024-02-28 12:46:09,605 INFO org.springframework.data.repository.config.RepositoryConfigurationDelegate [main] Bootstrapping Spring Data JPA repositories in DEFAULT mode.
2024-02-28 12:46:10,069 INFO org.springframework.data.repository.config.RepositoryConfigurationDelegate [main] Finished Spring Data repository scanning in 428 ms. Found 12 JPA repository interfaces.
2024-02-28 12:46:13,933 INFO org.springframework.boot.web.embedded.tomcat.TomcatWebServer [main] Tomcat initialized with port(s): 9006 (http)
2024-02-28 12:46:13,957 INFO org.apache.juli.logging.DirectJDKLog [main] Initializing ProtocolHandler ["http-nio-9006"]
2024-02-28 12:46:13,959 INFO org.apache.juli.logging.DirectJDKLog [main] Starting service [Tomcat]
2024-02-28 12:46:13,960 INFO org.apache.juli.logging.DirectJDKLog [main] Starting Servlet engine: [Apache Tomcat/9.0.73]
2024-02-28 12:46:14,618 INFO org.apache.juli.logging.DirectJDKLog [main] Initializing Spring embedded WebApplicationContext
2024-02-28 12:46:14,619 INFO org.springframework.boot.web.servlet.context.ServletWebServerApplicationContext [main] Root WebApplicationContext: initialization completed in 7787 ms
2024-02-28 12:46:15,273 INFO com.zaxxer.hikari.HikariDataSource [main] HikariPool-1 - Starting...
2024-02-28 12:46:16,947 INFO com.zaxxer.hikari.HikariDataSource [main] HikariPool-1 - Start completed.
2024-02-28 12:46:19,202 INFO org.hibernate.jpa.internal.util.LogHelper [main] HHH000204: Processing PersistenceUnitInfo [name: default]
2024-02-28 12:46:19,501 INFO org.hibernate.Version [main] HHH000412: Hibernate ORM core version 5.6.15.Final
2024-02-28 12:46:20,194 INFO org.hibernate.annotations.common.reflection.java.JavaReflectionManager [main] HCANN000001: Hibernate Commons Annotations {5.1.2.Final}
2024-02-28 12:46:21,061 INFO org.hibernate.dialect.Dialect [main] HHH000400: Using dialect: org.hibernate.dialect.MySQL8Dialect
2024-02-28 12:46:27,555 INFO org.hibernate.engine.transaction.jta.platform.internal.JtaPlatformInitiator [main] HHH000490: Using JtaPlatform implementation: [org.hibernate.engine.transaction.jta.platform.internal.NoJtaPlatform]
2024-02-28 12:46:27,596 INFO org.springframework.orm.jpa.AbstractEntityManagerFactoryBean [main] Initialized JPA EntityManagerFactory for persistence unit 'default'
2024-02-28 12:46:31,491 WARN org.springframework.boot.autoconfigure.orm.jpa.JpaBaseConfiguration$JpaWebConfiguration [main] spring.jpa.open-in-view is enabled by default. Therefore, database queries may be performed during view rendering. Explicitly configure spring.jpa.open-in-view to disable this warning
2024-02-28 12:46:32,495 INFO org.springframework.boot.autoconfigure.web.servlet.WelcomePageHandlerMapping [main] Adding welcome page template: index
2024-02-28 12:46:33,448 INFO org.springframework.security.web.DefaultSecurityFilterChain [main] Will secure any request with [org.springframework.security.web.session.DisableEncodeUrlFilter@7f33ad20, org.springframework.security.web.context.request.async.WebAsyncManagerIntegrationFilter@52a23575, org.springframework.security.web.context.SecurityContextPersistenceFilter@2b370ca9, org.springframework.security.web.header.HeaderWriterFilter@35599228, org.springframework.web.filter.CorsFilter@3f473daf, org.springframework.security.web.authentication.logout.LogoutFilter@3705a85c, org.springframework.security.web.savedrequest.RequestCacheAwareFilter@59301546, org.springframework.security.web.servletapi.SecurityContextHolderAwareRequestFilter@4138af7, org.springframework.security.web.authentication.AnonymousAuthenticationFilter@390e814c, org.springframework.security.web.session.SessionManagementFilter@69ee0861, org.springframework.security.web.access.ExceptionTranslationFilter@7136ad9a, org.springframework.security.web.access.intercept.FilterSecurityInterceptor@770c3ca2]
2024-02-28 12:46:34,289 INFO org.apache.juli.logging.DirectJDKLog [main] Starting ProtocolHandler ["http-nio-9006"]
2024-02-28 12:46:34,305 WARN org.springframework.context.support.AbstractApplicationContext [main] Exception encountered during context initialization - cancelling refresh attempt: org.springframework.context.ApplicationContextException: Failed to start bean 'webServerStartStop'; nested exception is org.springframework.boot.web.server.PortInUseException: Port 9006 is already in use
2024-02-28 12:46:34,325 INFO org.springframework.orm.jpa.AbstractEntityManagerFactoryBean [main] Closing JPA EntityManagerFactory for persistence unit 'default'
2024-02-28 12:46:34,329 INFO com.zaxxer.hikari.HikariDataSource [main] HikariPool-1 - Shutdown initiated...
2024-02-28 12:46:34,366 INFO com.zaxxer.hikari.HikariDataSource [main] HikariPool-1 - Shutdown completed.
2024-02-28 12:46:34,372 INFO org.apache.juli.logging.DirectJDKLog [main] Pausing ProtocolHandler ["http-nio-9006"]
2024-02-28 12:46:34,373 INFO org.apache.juli.logging.DirectJDKLog [main] Stopping service [Tomcat]
2024-02-28 12:46:34,387 INFO org.apache.juli.logging.DirectJDKLog [main] Stopping ProtocolHandler ["http-nio-9006"]
2024-02-28 12:46:34,391 INFO org.apache.juli.logging.DirectJDKLog [main] Destroying ProtocolHandler ["http-nio-9006"]
2024-02-28 12:46:34,503 INFO org.springframework.boot.autoconfigure.logging.ConditionEvaluationReportLoggingListener [main] 

Error starting ApplicationContext. To display the conditions report re-run your application with 'debug' enabled.
2024-02-28 12:46:34,563 ERROR org.springframework.boot.diagnostics.LoggingFailureAnalysisReporter [main] 

***************************
APPLICATION FAILED TO START
***************************

Description:

Web server failed to start. Port 9006 was already in use.

Action:

Identify and stop the process that's listening on port 9006 or configure this application to listen on another port.

2024-02-28 12:48:47,477 INFO org.springframework.boot.StartupInfoLogger [main] Starting UserAppApplication using Java 1.8.0_202 on DESKTOP-R18GS1D with PID 2164 (E:\UserApp\UserApp\target\classes started by User in E:\UserApp\UserApp)
2024-02-28 12:48:47,487 INFO org.springframework.boot.SpringApplication [main] No active profile set, falling back to 1 default profile: "default"
2024-02-28 12:48:50,802 INFO org.springframework.data.repository.config.RepositoryConfigurationDelegate [main] Bootstrapping Spring Data JPA repositories in DEFAULT mode.
2024-02-28 12:48:51,939 INFO org.springframework.data.repository.config.RepositoryConfigurationDelegate [main] Finished Spring Data repository scanning in 1088 ms. Found 12 JPA repository interfaces.
2024-02-28 12:48:56,412 INFO org.springframework.boot.web.embedded.tomcat.TomcatWebServer [main] Tomcat initialized with port(s): 9005 (http)
2024-02-28 12:48:56,439 INFO org.apache.juli.logging.DirectJDKLog [main] Initializing ProtocolHandler ["http-nio-9005"]
2024-02-28 12:48:56,453 INFO org.apache.juli.logging.DirectJDKLog [main] Starting service [Tomcat]
2024-02-28 12:48:56,459 INFO org.apache.juli.logging.DirectJDKLog [main] Starting Servlet engine: [Apache Tomcat/9.0.73]
2024-02-28 12:48:57,456 INFO org.apache.juli.logging.DirectJDKLog [main] Initializing Spring embedded WebApplicationContext
2024-02-28 12:48:57,457 INFO org.springframework.boot.web.servlet.context.ServletWebServerApplicationContext [main] Root WebApplicationContext: initialization completed in 9703 ms
2024-02-28 12:48:58,499 INFO com.zaxxer.hikari.HikariDataSource [main] HikariPool-1 - Starting...
2024-02-28 12:49:02,023 INFO com.zaxxer.hikari.HikariDataSource [main] HikariPool-1 - Start completed.
2024-02-28 12:49:03,650 INFO org.hibernate.jpa.internal.util.LogHelper [main] HHH000204: Processing PersistenceUnitInfo [name: default]
2024-02-28 12:49:04,311 INFO org.hibernate.Version [main] HHH000412: Hibernate ORM core version 5.6.15.Final
2024-02-28 12:49:05,046 INFO org.hibernate.annotations.common.reflection.java.JavaReflectionManager [main] HCANN000001: Hibernate Commons Annotations {5.1.2.Final}
2024-02-28 12:49:05,737 INFO org.hibernate.dialect.Dialect [main] HHH000400: Using dialect: org.hibernate.dialect.MySQL8Dialect
2024-02-28 12:49:12,055 INFO org.hibernate.engine.transaction.jta.platform.internal.JtaPlatformInitiator [main] HHH000490: Using JtaPlatform implementation: [org.hibernate.engine.transaction.jta.platform.internal.NoJtaPlatform]
2024-02-28 12:49:12,091 INFO org.springframework.orm.jpa.AbstractEntityManagerFactoryBean [main] Initialized JPA EntityManagerFactory for persistence unit 'default'
2024-02-28 12:50:24,273 WARN org.springframework.boot.autoconfigure.orm.jpa.JpaBaseConfiguration$JpaWebConfiguration [main] spring.jpa.open-in-view is enabled by default. Therefore, database queries may be performed during view rendering. Explicitly configure spring.jpa.open-in-view to disable this warning
2024-02-28 12:50:25,641 INFO org.springframework.boot.autoconfigure.web.servlet.WelcomePageHandlerMapping [main] Adding welcome page template: index
2024-02-28 12:50:26,547 INFO org.springframework.security.web.DefaultSecurityFilterChain [main] Will secure any request with [org.springframework.security.web.session.DisableEncodeUrlFilter@6347f9cc, org.springframework.security.web.context.request.async.WebAsyncManagerIntegrationFilter@268f126f, org.springframework.security.web.context.SecurityContextPersistenceFilter@59172d2, org.springframework.security.web.header.HeaderWriterFilter@4767be27, org.springframework.web.filter.CorsFilter@467e7793, org.springframework.security.web.authentication.logout.LogoutFilter@70fe33fa, org.springframework.security.web.savedrequest.RequestCacheAwareFilter@54da736e, org.springframework.security.web.servletapi.SecurityContextHolderAwareRequestFilter@133d0471, org.springframework.security.web.authentication.AnonymousAuthenticationFilter@3e8995cc, org.springframework.security.web.session.SessionManagementFilter@3ae91bcc, org.springframework.security.web.access.ExceptionTranslationFilter@3c7787a7, org.springframework.security.web.access.intercept.FilterSecurityInterceptor@15ade272]
2024-02-28 12:50:27,770 INFO org.apache.juli.logging.DirectJDKLog [main] Starting ProtocolHandler ["http-nio-9005"]
2024-02-28 12:50:28,313 INFO org.springframework.boot.web.embedded.tomcat.TomcatWebServer [main] Tomcat started on port(s): 9005 (http) with context path ''
2024-02-28 12:50:28,379 INFO org.springframework.scheduling.annotation.ScheduledAnnotationBeanPostProcessor [main] No TaskScheduler/ScheduledExecutorService bean found for scheduled processing
2024-02-28 12:50:28,417 INFO org.springframework.boot.StartupInfoLogger [main] Started UserAppApplication in 102.158 seconds (JVM running for 104.479)
2024-02-28 12:51:52,878 INFO org.springframework.boot.StartupInfoLogger [main] Starting UserAppApplication using Java 1.8.0_202 on DESKTOP-R18GS1D with PID 7924 (E:\UserApp\UserApp\target\classes started by User in E:\UserApp\UserApp)
2024-02-28 12:51:52,886 INFO org.springframework.boot.SpringApplication [main] No active profile set, falling back to 1 default profile: "default"
2024-02-28 12:51:56,274 INFO org.springframework.data.repository.config.RepositoryConfigurationDelegate [main] Bootstrapping Spring Data JPA repositories in DEFAULT mode.
2024-02-28 12:51:56,686 INFO org.springframework.data.repository.config.RepositoryConfigurationDelegate [main] Finished Spring Data repository scanning in 383 ms. Found 12 JPA repository interfaces.
2024-02-28 12:52:06,018 INFO org.springframework.boot.web.embedded.tomcat.TomcatWebServer [main] Tomcat initialized with port(s): 9006 (http)
2024-02-28 12:52:06,045 INFO org.apache.juli.logging.DirectJDKLog [main] Initializing ProtocolHandler ["http-nio-9006"]
2024-02-28 12:52:06,047 INFO org.apache.juli.logging.DirectJDKLog [main] Starting service [Tomcat]
2024-02-28 12:52:06,047 INFO org.apache.juli.logging.DirectJDKLog [main] Starting Servlet engine: [Apache Tomcat/9.0.73]
2024-02-28 12:52:07,260 INFO org.apache.juli.logging.DirectJDKLog [main] Initializing Spring embedded WebApplicationContext
2024-02-28 12:52:07,262 INFO org.springframework.boot.web.servlet.context.ServletWebServerApplicationContext [main] Root WebApplicationContext: initialization completed in 14107 ms
2024-02-28 12:52:08,040 INFO com.zaxxer.hikari.HikariDataSource [main] HikariPool-1 - Starting...
2024-02-28 12:52:09,920 INFO com.zaxxer.hikari.HikariDataSource [main] HikariPool-1 - Start completed.
2024-02-28 12:52:17,591 INFO org.hibernate.jpa.internal.util.LogHelper [main] HHH000204: Processing PersistenceUnitInfo [name: default]
2024-02-28 12:52:17,778 INFO org.hibernate.Version [main] HHH000412: Hibernate ORM core version 5.6.15.Final
2024-02-28 12:52:18,389 INFO org.hibernate.annotations.common.reflection.java.JavaReflectionManager [main] HCANN000001: Hibernate Commons Annotations {5.1.2.Final}
2024-02-28 12:52:18,777 INFO org.hibernate.dialect.Dialect [main] HHH000400: Using dialect: org.hibernate.dialect.MySQL8Dialect
2024-02-28 12:52:22,664 INFO org.hibernate.engine.transaction.jta.platform.internal.JtaPlatformInitiator [main] HHH000490: Using JtaPlatform implementation: [org.hibernate.engine.transaction.jta.platform.internal.NoJtaPlatform]
2024-02-28 12:52:22,690 INFO org.springframework.orm.jpa.AbstractEntityManagerFactoryBean [main] Initialized JPA EntityManagerFactory for persistence unit 'default'
2024-02-28 12:52:27,772 WARN org.springframework.boot.autoconfigure.orm.jpa.JpaBaseConfiguration$JpaWebConfiguration [main] spring.jpa.open-in-view is enabled by default. Therefore, database queries may be performed during view rendering. Explicitly configure spring.jpa.open-in-view to disable this warning
2024-02-28 12:52:28,843 INFO org.springframework.boot.autoconfigure.web.servlet.WelcomePageHandlerMapping [main] Adding welcome page template: index
2024-02-28 12:52:29,831 INFO org.springframework.security.web.DefaultSecurityFilterChain [main] Will secure any request with [org.springframework.security.web.session.DisableEncodeUrlFilter@17d25e1d, org.springframework.security.web.context.request.async.WebAsyncManagerIntegrationFilter@359fd0a2, org.springframework.security.web.context.SecurityContextPersistenceFilter@12e13abd, org.springframework.security.web.header.HeaderWriterFilter@5bbf3869, org.springframework.web.filter.CorsFilter@30b075b9, org.springframework.security.web.authentication.logout.LogoutFilter@34893693, org.springframework.security.web.savedrequest.RequestCacheAwareFilter@6e0dec27, org.springframework.security.web.servletapi.SecurityContextHolderAwareRequestFilter@55ba4bff, org.springframework.security.web.authentication.AnonymousAuthenticationFilter@510e0dd2, org.springframework.security.web.session.SessionManagementFilter@244c0fbe, org.springframework.security.web.access.ExceptionTranslationFilter@40f77135, org.springframework.security.web.access.intercept.FilterSecurityInterceptor@d082916]
2024-02-28 12:52:31,452 INFO org.apache.juli.logging.DirectJDKLog [main] Starting ProtocolHandler ["http-nio-9006"]
2024-02-28 12:52:31,470 WARN org.springframework.context.support.AbstractApplicationContext [main] Exception encountered during context initialization - cancelling refresh attempt: org.springframework.context.ApplicationContextException: Failed to start bean 'webServerStartStop'; nested exception is org.springframework.boot.web.server.PortInUseException: Port 9006 is already in use
2024-02-28 12:52:31,487 INFO org.springframework.orm.jpa.AbstractEntityManagerFactoryBean [main] Closing JPA EntityManagerFactory for persistence unit 'default'
2024-02-28 12:52:31,493 INFO com.zaxxer.hikari.HikariDataSource [main] HikariPool-1 - Shutdown initiated...
2024-02-28 12:52:31,545 INFO com.zaxxer.hikari.HikariDataSource [main] HikariPool-1 - Shutdown completed.
2024-02-28 12:52:31,551 INFO org.apache.juli.logging.DirectJDKLog [main] Pausing ProtocolHandler ["http-nio-9006"]
2024-02-28 12:52:31,552 INFO org.apache.juli.logging.DirectJDKLog [main] Stopping service [Tomcat]
2024-02-28 12:52:31,572 INFO org.apache.juli.logging.DirectJDKLog [main] Stopping ProtocolHandler ["http-nio-9006"]
2024-02-28 12:52:31,574 INFO org.apache.juli.logging.DirectJDKLog [main] Destroying ProtocolHandler ["http-nio-9006"]
2024-02-28 12:52:31,622 INFO org.springframework.boot.autoconfigure.logging.ConditionEvaluationReportLoggingListener [main] 

Error starting ApplicationContext. To display the conditions report re-run your application with 'debug' enabled.
2024-02-28 12:52:31,734 ERROR org.springframework.boot.diagnostics.LoggingFailureAnalysisReporter [main] 

***************************
APPLICATION FAILED TO START
***************************

Description:

Web server failed to start. Port 9006 was already in use.

Action:

Identify and stop the process that's listening on port 9006 or configure this application to listen on another port.

2024-02-28 13:14:20,513 INFO org.springframework.boot.StartupInfoLogger [main] Starting UserAppApplication using Java 1.8.0_202 on DESKTOP-R18GS1D with PID 9264 (E:\UserApp\UserApp\target\classes started by User in E:\UserApp\UserApp)
2024-02-28 13:14:20,522 INFO org.springframework.boot.SpringApplication [main] No active profile set, falling back to 1 default profile: "default"
2024-02-28 13:14:25,193 INFO org.springframework.data.repository.config.RepositoryConfigurationDelegate [main] Bootstrapping Spring Data JPA repositories in DEFAULT mode.
2024-02-28 13:14:28,164 INFO org.springframework.data.repository.config.RepositoryConfigurationDelegate [main] Finished Spring Data repository scanning in 2907 ms. Found 12 JPA repository interfaces.
2024-02-28 13:14:35,220 INFO org.springframework.boot.web.embedded.tomcat.TomcatWebServer [main] Tomcat initialized with port(s): 9006 (http)
2024-02-28 13:14:35,284 INFO org.apache.juli.logging.DirectJDKLog [main] Initializing ProtocolHandler ["http-nio-9006"]
2024-02-28 13:14:35,288 INFO org.apache.juli.logging.DirectJDKLog [main] Starting service [Tomcat]
2024-02-28 13:14:35,290 INFO org.apache.juli.logging.DirectJDKLog [main] Starting Servlet engine: [Apache Tomcat/9.0.73]
2024-02-28 13:14:36,038 INFO org.apache.juli.logging.DirectJDKLog [main] Initializing Spring embedded WebApplicationContext
2024-02-28 13:14:36,041 INFO org.springframework.boot.web.servlet.context.ServletWebServerApplicationContext [main] Root WebApplicationContext: initialization completed in 15065 ms
2024-02-28 13:14:36,798 INFO com.zaxxer.hikari.HikariDataSource [main] HikariPool-1 - Starting...
2024-02-28 13:14:41,124 INFO com.zaxxer.hikari.HikariDataSource [main] HikariPool-1 - Start completed.
2024-02-28 13:14:50,233 INFO org.hibernate.jpa.internal.util.LogHelper [main] HHH000204: Processing PersistenceUnitInfo [name: default]
2024-02-28 13:14:51,640 INFO org.hibernate.Version [main] HHH000412: Hibernate ORM core version 5.6.15.Final
2024-02-28 13:14:55,398 INFO org.hibernate.annotations.common.reflection.java.JavaReflectionManager [main] HCANN000001: Hibernate Commons Annotations {5.1.2.Final}
2024-02-28 13:14:58,072 INFO org.hibernate.dialect.Dialect [main] HHH000400: Using dialect: org.hibernate.dialect.MySQL8Dialect
2024-02-28 13:15:18,701 INFO org.hibernate.engine.transaction.jta.platform.internal.JtaPlatformInitiator [main] HHH000490: Using JtaPlatform implementation: [org.hibernate.engine.transaction.jta.platform.internal.NoJtaPlatform]
2024-02-28 13:15:18,732 INFO org.springframework.orm.jpa.AbstractEntityManagerFactoryBean [main] Initialized JPA EntityManagerFactory for persistence unit 'default'
2024-02-28 13:15:24,973 WARN org.springframework.boot.autoconfigure.orm.jpa.JpaBaseConfiguration$JpaWebConfiguration [main] spring.jpa.open-in-view is enabled by default. Therefore, database queries may be performed during view rendering. Explicitly configure spring.jpa.open-in-view to disable this warning
2024-02-28 13:15:26,071 INFO org.springframework.boot.autoconfigure.web.servlet.WelcomePageHandlerMapping [main] Adding welcome page template: index
2024-02-28 13:15:27,837 INFO org.springframework.security.web.DefaultSecurityFilterChain [main] Will secure any request with [org.springframework.security.web.session.DisableEncodeUrlFilter@3da12ba4, org.springframework.security.web.context.request.async.WebAsyncManagerIntegrationFilter@64b0ec4a, org.springframework.security.web.context.SecurityContextPersistenceFilter@4110ffe5, org.springframework.security.web.header.HeaderWriterFilter@3ce4eb42, org.springframework.web.filter.CorsFilter@1b949de4, org.springframework.security.web.authentication.logout.LogoutFilter@10c1682b, org.springframework.security.web.savedrequest.RequestCacheAwareFilter@4981b83, org.springframework.security.web.servletapi.SecurityContextHolderAwareRequestFilter@6b3d3e57, org.springframework.security.web.authentication.AnonymousAuthenticationFilter@2981064d, org.springframework.security.web.session.SessionManagementFilter@63ff861e, org.springframework.security.web.access.ExceptionTranslationFilter@6a3c1b56, org.springframework.security.web.access.intercept.FilterSecurityInterceptor@12f933c7]
2024-02-28 13:15:29,992 INFO org.apache.juli.logging.DirectJDKLog [main] Starting ProtocolHandler ["http-nio-9006"]
2024-02-28 13:15:30,018 WARN org.springframework.context.support.AbstractApplicationContext [main] Exception encountered during context initialization - cancelling refresh attempt: org.springframework.context.ApplicationContextException: Failed to start bean 'webServerStartStop'; nested exception is org.springframework.boot.web.server.PortInUseException: Port 9006 is already in use
2024-02-28 13:15:30,039 INFO org.springframework.orm.jpa.AbstractEntityManagerFactoryBean [main] Closing JPA EntityManagerFactory for persistence unit 'default'
2024-02-28 13:15:30,044 INFO com.zaxxer.hikari.HikariDataSource [main] HikariPool-1 - Shutdown initiated...
2024-02-28 13:15:30,084 INFO com.zaxxer.hikari.HikariDataSource [main] HikariPool-1 - Shutdown completed.
2024-02-28 13:15:30,090 INFO org.apache.juli.logging.DirectJDKLog [main] Pausing ProtocolHandler ["http-nio-9006"]
2024-02-28 13:15:30,091 INFO org.apache.juli.logging.DirectJDKLog [main] Stopping service [Tomcat]
2024-02-28 13:15:30,113 INFO org.apache.juli.logging.DirectJDKLog [main] Stopping ProtocolHandler ["http-nio-9006"]
2024-02-28 13:15:30,119 INFO org.apache.juli.logging.DirectJDKLog [main] Destroying ProtocolHandler ["http-nio-9006"]
2024-02-28 13:15:30,234 INFO org.springframework.boot.autoconfigure.logging.ConditionEvaluationReportLoggingListener [main] 

Error starting ApplicationContext. To display the conditions report re-run your application with 'debug' enabled.
2024-02-28 13:15:30,312 ERROR org.springframework.boot.diagnostics.LoggingFailureAnalysisReporter [main] 

***************************
APPLICATION FAILED TO START
***************************

Description:

Web server failed to start. Port 9006 was already in use.

Action:

Identify and stop the process that's listening on port 9006 or configure this application to listen on another port.

2024-02-28 13:16:51,963 INFO org.springframework.boot.StartupInfoLogger [main] Starting UserAppApplication using Java 1.8.0_202 on DESKTOP-R18GS1D with PID 3240 (E:\UserApp\UserApp\target\classes started by User in E:\UserApp\UserApp)
2024-02-28 13:16:51,973 INFO org.springframework.boot.SpringApplication [main] No active profile set, falling back to 1 default profile: "default"
2024-02-28 13:16:55,075 INFO org.springframework.data.repository.config.RepositoryConfigurationDelegate [main] Bootstrapping Spring Data JPA repositories in DEFAULT mode.
2024-02-28 13:16:55,525 INFO org.springframework.data.repository.config.RepositoryConfigurationDelegate [main] Finished Spring Data repository scanning in 413 ms. Found 12 JPA repository interfaces.
2024-02-28 13:16:58,396 INFO org.springframework.boot.web.embedded.tomcat.TomcatWebServer [main] Tomcat initialized with port(s): 9005 (http)
2024-02-28 13:16:58,422 INFO org.apache.juli.logging.DirectJDKLog [main] Initializing ProtocolHandler ["http-nio-9005"]
2024-02-28 13:16:58,430 INFO org.apache.juli.logging.DirectJDKLog [main] Starting service [Tomcat]
2024-02-28 13:16:58,431 INFO org.apache.juli.logging.DirectJDKLog [main] Starting Servlet engine: [Apache Tomcat/9.0.73]
2024-02-28 13:16:58,963 INFO org.apache.juli.logging.DirectJDKLog [main] Initializing Spring embedded WebApplicationContext
2024-02-28 13:16:58,964 INFO org.springframework.boot.web.servlet.context.ServletWebServerApplicationContext [main] Root WebApplicationContext: initialization completed in 6612 ms
2024-02-28 13:16:59,651 INFO com.zaxxer.hikari.HikariDataSource [main] HikariPool-1 - Starting...
2024-02-28 13:17:01,117 INFO com.zaxxer.hikari.HikariDataSource [main] HikariPool-1 - Start completed.
2024-02-28 13:17:03,333 INFO org.hibernate.jpa.internal.util.LogHelper [main] HHH000204: Processing PersistenceUnitInfo [name: default]
2024-02-28 13:17:03,576 INFO org.hibernate.Version [main] HHH000412: Hibernate ORM core version 5.6.15.Final
2024-02-28 13:17:04,213 INFO org.hibernate.annotations.common.reflection.java.JavaReflectionManager [main] HCANN000001: Hibernate Commons Annotations {5.1.2.Final}
2024-02-28 13:17:04,774 INFO org.hibernate.dialect.Dialect [main] HHH000400: Using dialect: org.hibernate.dialect.MySQL8Dialect
2024-02-28 13:17:08,662 INFO org.hibernate.engine.transaction.jta.platform.internal.JtaPlatformInitiator [main] HHH000490: Using JtaPlatform implementation: [org.hibernate.engine.transaction.jta.platform.internal.NoJtaPlatform]
2024-02-28 13:17:08,696 INFO org.springframework.orm.jpa.AbstractEntityManagerFactoryBean [main] Initialized JPA EntityManagerFactory for persistence unit 'default'
2024-02-28 13:17:15,087 WARN org.springframework.boot.autoconfigure.orm.jpa.JpaBaseConfiguration$JpaWebConfiguration [main] spring.jpa.open-in-view is enabled by default. Therefore, database queries may be performed during view rendering. Explicitly configure spring.jpa.open-in-view to disable this warning
2024-02-28 13:17:15,863 INFO org.springframework.boot.autoconfigure.web.servlet.WelcomePageHandlerMapping [main] Adding welcome page template: index
2024-02-28 13:17:17,732 INFO org.springframework.security.web.DefaultSecurityFilterChain [main] Will secure any request with [org.springframework.security.web.session.DisableEncodeUrlFilter@7b45f7ef, org.springframework.security.web.context.request.async.WebAsyncManagerIntegrationFilter@5da41d02, org.springframework.security.web.context.SecurityContextPersistenceFilter@45e68fac, org.springframework.security.web.header.HeaderWriterFilter@2c1a0f82, org.springframework.web.filter.CorsFilter@17d837ab, org.springframework.security.web.authentication.logout.LogoutFilter@365a4b9b, org.springframework.security.web.savedrequest.RequestCacheAwareFilter@732bb49d, org.springframework.security.web.servletapi.SecurityContextHolderAwareRequestFilter@701da311, org.springframework.security.web.authentication.AnonymousAuthenticationFilter@4e77f29e, org.springframework.security.web.session.SessionManagementFilter@24d7c365, org.springframework.security.web.access.ExceptionTranslationFilter@261b27db, org.springframework.security.web.access.intercept.FilterSecurityInterceptor@4b20a8e4]
2024-02-28 13:17:18,538 INFO org.apache.juli.logging.DirectJDKLog [main] Starting ProtocolHandler ["http-nio-9005"]
2024-02-28 13:17:18,774 INFO org.springframework.boot.web.embedded.tomcat.TomcatWebServer [main] Tomcat started on port(s): 9005 (http) with context path ''
2024-02-28 13:17:18,875 INFO org.springframework.scheduling.annotation.ScheduledAnnotationBeanPostProcessor [main] No TaskScheduler/ScheduledExecutorService bean found for scheduled processing
2024-02-28 13:17:18,898 INFO org.springframework.boot.StartupInfoLogger [main] Started UserAppApplication in 28.577 seconds (JVM running for 31.562)
2024-02-28 13:29:37,092 INFO org.apache.juli.logging.DirectJDKLog [http-nio-9005-exec-1] Initializing Spring DispatcherServlet 'dispatcherServlet'
2024-02-28 13:29:39,710 INFO org.springframework.web.servlet.FrameworkServlet [http-nio-9005-exec-1] Initializing Servlet 'dispatcherServlet'
2024-02-28 13:29:56,607 INFO org.springframework.web.servlet.FrameworkServlet [http-nio-9005-exec-1] Completed initialization in 16853 ms
2024-02-28 13:30:41,395 WARN org.springframework.web.servlet.handler.AbstractHandlerExceptionResolver [http-nio-9005-exec-1] Resolved [org.springframework.http.converter.HttpMessageNotReadableException: Required request body is missing: public com.firoztechi.UserApp.UserApp.Model.ResponseModel com.firoztechi.UserApp.UserApp.Controller.SalaryAllowanceController.allowanceList(com.firoztechi.UserApp.UserApp.Entity.Users) throws java.lang.Exception]
2024-02-28 13:30:41,394 WARN org.springframework.web.servlet.handler.AbstractHandlerExceptionResolver [http-nio-9005-exec-2] Resolved [org.springframework.http.converter.HttpMessageNotReadableException: Required request body is missing: public com.firoztechi.UserApp.UserApp.Model.ResponseModel com.firoztechi.UserApp.UserApp.Controller.SalaryAllowanceController.allowanceList(com.firoztechi.UserApp.UserApp.Entity.Users) throws java.lang.Exception]
2024-02-28 13:43:04,706 INFO com.firoztechi.UserApp.UserApp.Controller.UserController [http-nio-9005-exec-3] Login started
2024-02-28 13:44:29,122 INFO com.firoztechi.UserApp.UserApp.Controller.UserController [http-nio-9005-exec-3] Login success
2024-02-28 13:54:36,795 WARN org.springframework.web.servlet.handler.AbstractHandlerExceptionResolver [http-nio-9005-exec-5] Resolved [org.springframework.http.converter.HttpMessageNotReadableException: Required request body is missing: public com.firoztechi.UserApp.UserApp.Model.ResponseModel com.firoztechi.UserApp.UserApp.Controller.SalaryAllowanceController.allowanceList(com.firoztechi.UserApp.UserApp.Entity.Users) throws java.lang.Exception]
2024-02-28 13:55:11,747 WARN org.springframework.web.servlet.handler.AbstractHandlerExceptionResolver [http-nio-9005-exec-6] Resolved [org.springframework.http.converter.HttpMessageNotReadableException: Required request body is missing: public com.firoztechi.UserApp.UserApp.Model.ResponseModel com.firoztechi.UserApp.UserApp.Controller.SalaryAllowanceController.allowanceList(com.firoztechi.UserApp.UserApp.Entity.Users) throws java.lang.Exception]
2024-02-28 13:55:23,693 WARN org.springframework.web.servlet.handler.AbstractHandlerExceptionResolver [http-nio-9005-exec-1] Resolved [org.springframework.http.converter.HttpMessageNotReadableException: Required request body is missing: public com.firoztechi.UserApp.UserApp.Model.ResponseModel com.firoztechi.UserApp.UserApp.Controller.SalaryAllowanceController.allowanceList(com.firoztechi.UserApp.UserApp.Entity.Users) throws java.lang.Exception]
2024-02-28 13:55:23,791 WARN org.springframework.web.servlet.handler.AbstractHandlerExceptionResolver [http-nio-9005-exec-2] Resolved [org.springframework.http.converter.HttpMessageNotReadableException: Required request body is missing: public com.firoztechi.UserApp.UserApp.Model.ResponseModel com.firoztechi.UserApp.UserApp.Controller.SalaryAllowanceController.allowanceList(com.firoztechi.UserApp.UserApp.Entity.Users) throws java.lang.Exception]
2024-02-28 13:57:30,739 WARN org.springframework.web.servlet.handler.AbstractHandlerExceptionResolver [http-nio-9005-exec-3] Resolved [org.springframework.http.converter.HttpMessageNotReadableException: Required request body is missing: public com.firoztechi.UserApp.UserApp.Model.ResponseModel com.firoztechi.UserApp.UserApp.Controller.SalaryAllowanceController.allowanceList(com.firoztechi.UserApp.UserApp.Entity.Users) throws java.lang.Exception]
2024-02-28 13:57:30,797 WARN org.springframework.web.servlet.handler.AbstractHandlerExceptionResolver [http-nio-9005-exec-4] Resolved [org.springframework.http.converter.HttpMessageNotReadableException: Required request body is missing: public com.firoztechi.UserApp.UserApp.Model.ResponseModel com.firoztechi.UserApp.UserApp.Controller.SalaryAllowanceController.allowanceList(com.firoztechi.UserApp.UserApp.Entity.Users) throws java.lang.Exception]
2024-02-28 14:03:51,127 WARN org.springframework.web.servlet.handler.AbstractHandlerExceptionResolver [http-nio-9005-exec-5] Resolved [org.springframework.http.converter.HttpMessageNotReadableException: Required request body is missing: public com.firoztechi.UserApp.UserApp.Model.ResponseModel com.firoztechi.UserApp.UserApp.Controller.SalaryAllowanceController.allowanceList(com.firoztechi.UserApp.UserApp.Entity.Users) throws java.lang.Exception]
2024-02-28 14:03:51,219 WARN org.springframework.web.servlet.handler.AbstractHandlerExceptionResolver [http-nio-9005-exec-6] Resolved [org.springframework.http.converter.HttpMessageNotReadableException: Required request body is missing: public com.firoztechi.UserApp.UserApp.Model.ResponseModel com.firoztechi.UserApp.UserApp.Controller.SalaryAllowanceController.allowanceList(com.firoztechi.UserApp.UserApp.Entity.Users) throws java.lang.Exception]
2024-02-28 17:21:17,968 WARN com.zaxxer.hikari.pool.HikariPool$HouseKeeper [HikariPool-1 housekeeper] HikariPool-1 - Thread starvation or clock leap detected (housekeeper delta=2h46m36s271ms504µs900ns).
2024-02-28 17:23:33,133 WARN org.springframework.web.servlet.handler.AbstractHandlerExceptionResolver [http-nio-9005-exec-7] Resolved [org.springframework.http.converter.HttpMessageNotReadableException: Required request body is missing: public com.firoztechi.UserApp.UserApp.Model.ResponseModel com.firoztechi.UserApp.UserApp.Controller.SalaryAllowanceController.allowanceList(com.firoztechi.UserApp.UserApp.Entity.Users) throws java.lang.Exception]
2024-02-28 17:23:34,287 WARN org.springframework.web.servlet.handler.AbstractHandlerExceptionResolver [http-nio-9005-exec-7] Resolved [org.springframework.http.converter.HttpMessageNotReadableException: Required request body is missing: public com.firoztechi.UserApp.UserApp.Model.ResponseModel com.firoztechi.UserApp.UserApp.Controller.SalaryAllowanceController.allowanceList(com.firoztechi.UserApp.UserApp.Entity.Users) throws java.lang.Exception]
2024-02-28 17:29:45,722 WARN org.springframework.web.servlet.handler.AbstractHandlerExceptionResolver [http-nio-9005-exec-9] Resolved [org.springframework.http.converter.HttpMessageNotReadableException: Required request body is missing: public com.firoztechi.UserApp.UserApp.Model.ResponseModel com.firoztechi.UserApp.UserApp.Controller.SalaryAllowanceController.allowanceList(com.firoztechi.UserApp.UserApp.Entity.Users) throws java.lang.Exception]
2024-02-28 17:34:04,258 INFO org.springframework.boot.StartupInfoLogger [main] Starting UserAppApplication using Java 1.8.0_202 on DESKTOP-R18GS1D with PID 6984 (E:\UserApp\UserApp\target\classes started by User in E:\UserApp\UserApp)
2024-02-28 17:34:04,265 INFO org.springframework.boot.SpringApplication [main] No active profile set, falling back to 1 default profile: "default"
2024-02-28 17:34:22,047 INFO org.springframework.data.repository.config.RepositoryConfigurationDelegate [main] Bootstrapping Spring Data JPA repositories in DEFAULT mode.
2024-02-28 17:34:25,238 INFO org.springframework.data.repository.config.RepositoryConfigurationDelegate [main] Finished Spring Data repository scanning in 3079 ms. Found 12 JPA repository interfaces.
2024-02-28 17:34:31,640 INFO org.springframework.boot.web.embedded.tomcat.TomcatWebServer [main] Tomcat initialized with port(s): 9005 (http)
2024-02-28 17:34:31,663 INFO org.apache.juli.logging.DirectJDKLog [main] Initializing ProtocolHandler ["http-nio-9005"]
2024-02-28 17:34:31,665 INFO org.apache.juli.logging.DirectJDKLog [main] Starting service [Tomcat]
2024-02-28 17:34:31,666 INFO org.apache.juli.logging.DirectJDKLog [main] Starting Servlet engine: [Apache Tomcat/9.0.73]
2024-02-28 17:34:32,248 INFO org.apache.juli.logging.DirectJDKLog [main] Initializing Spring embedded WebApplicationContext
2024-02-28 17:34:32,249 INFO org.springframework.boot.web.servlet.context.ServletWebServerApplicationContext [main] Root WebApplicationContext: initialization completed in 27371 ms
2024-02-28 17:34:32,742 INFO com.zaxxer.hikari.HikariDataSource [main] HikariPool-1 - Starting...
2024-02-28 17:34:37,698 INFO com.zaxxer.hikari.HikariDataSource [main] HikariPool-1 - Start completed.
2024-02-28 17:34:42,324 INFO org.hibernate.jpa.internal.util.LogHelper [main] HHH000204: Processing PersistenceUnitInfo [name: default]
2024-02-28 17:34:42,526 INFO org.hibernate.Version [main] HHH000412: Hibernate ORM core version 5.6.15.Final
2024-02-28 17:34:43,261 INFO org.hibernate.annotations.common.reflection.java.JavaReflectionManager [main] HCANN000001: Hibernate Commons Annotations {5.1.2.Final}
2024-02-28 17:34:44,186 INFO org.hibernate.dialect.Dialect [main] HHH000400: Using dialect: org.hibernate.dialect.MySQL8Dialect
2024-02-28 17:34:52,880 INFO org.hibernate.engine.transaction.jta.platform.internal.JtaPlatformInitiator [main] HHH000490: Using JtaPlatform implementation: [org.hibernate.engine.transaction.jta.platform.internal.NoJtaPlatform]
2024-02-28 17:34:52,913 INFO org.springframework.orm.jpa.AbstractEntityManagerFactoryBean [main] Initialized JPA EntityManagerFactory for persistence unit 'default'
2024-02-28 17:34:59,174 WARN org.springframework.boot.autoconfigure.orm.jpa.JpaBaseConfiguration$JpaWebConfiguration [main] spring.jpa.open-in-view is enabled by default. Therefore, database queries may be performed during view rendering. Explicitly configure spring.jpa.open-in-view to disable this warning
2024-02-28 17:34:59,775 INFO org.springframework.boot.autoconfigure.web.servlet.WelcomePageHandlerMapping [main] Adding welcome page template: index
2024-02-28 17:35:00,333 INFO org.springframework.security.web.DefaultSecurityFilterChain [main] Will secure any request with [org.springframework.security.web.session.DisableEncodeUrlFilter@75ff2b6d, org.springframework.security.web.context.request.async.WebAsyncManagerIntegrationFilter@20a7ce0, org.springframework.security.web.context.SecurityContextPersistenceFilter@21e15093, org.springframework.security.web.header.HeaderWriterFilter@7202009e, org.springframework.web.filter.CorsFilter@4ee80a94, org.springframework.security.web.authentication.logout.LogoutFilter@22e650e, org.springframework.security.web.savedrequest.RequestCacheAwareFilter@21b3d356, org.springframework.security.web.servletapi.SecurityContextHolderAwareRequestFilter@5263f554, org.springframework.security.web.authentication.AnonymousAuthenticationFilter@7afac89a, org.springframework.security.web.session.SessionManagementFilter@20dc763b, org.springframework.security.web.access.ExceptionTranslationFilter@23307c6c, org.springframework.security.web.access.intercept.FilterSecurityInterceptor@3749c6ac]
2024-02-28 17:35:01,114 INFO org.apache.juli.logging.DirectJDKLog [main] Starting ProtocolHandler ["http-nio-9005"]
2024-02-28 17:35:01,184 INFO org.springframework.boot.web.embedded.tomcat.TomcatWebServer [main] Tomcat started on port(s): 9005 (http) with context path ''
2024-02-28 17:35:01,234 INFO org.springframework.scheduling.annotation.ScheduledAnnotationBeanPostProcessor [main] No TaskScheduler/ScheduledExecutorService bean found for scheduled processing
2024-02-28 17:35:01,263 INFO org.springframework.boot.StartupInfoLogger [main] Started UserAppApplication in 58.285 seconds (JVM running for 73.416)
2024-02-28 17:35:12,862 INFO org.apache.juli.logging.DirectJDKLog [http-nio-9005-exec-1] Initializing Spring DispatcherServlet 'dispatcherServlet'
2024-02-28 17:35:12,870 INFO org.springframework.web.servlet.FrameworkServlet [http-nio-9005-exec-1] Initializing Servlet 'dispatcherServlet'
2024-02-28 17:35:12,878 INFO org.springframework.web.servlet.FrameworkServlet [http-nio-9005-exec-1] Completed initialization in 5 ms
2024-02-28 17:38:01,869 INFO com.firoztechi.UserApp.UserApp.Controller.UserController [http-nio-9005-exec-3] Login started
2024-02-28 17:38:03,021 INFO com.firoztechi.UserApp.UserApp.Controller.UserController [http-nio-9005-exec-3] Login success
2024-02-28 19:06:46,056 INFO org.springframework.boot.StartupInfoLogger [main] Starting UserAppApplication using Java 1.8.0_202 on DESKTOP-R18GS1D with PID 11088 (E:\UserApp\UserApp\target\classes started by User in E:\UserApp\UserApp)
2024-02-28 19:06:46,089 INFO org.springframework.boot.SpringApplication [main] No active profile set, falling back to 1 default profile: "default"
2024-02-28 19:06:51,004 INFO org.springframework.data.repository.config.RepositoryConfigurationDelegate [main] Bootstrapping Spring Data JPA repositories in DEFAULT mode.
2024-02-28 19:06:51,309 INFO org.springframework.data.repository.config.RepositoryConfigurationDelegate [main] Finished Spring Data repository scanning in 279 ms. Found 12 JPA repository interfaces.
2024-02-28 19:06:57,347 INFO org.springframework.boot.web.embedded.tomcat.TomcatWebServer [main] Tomcat initialized with port(s): 9005 (http)
2024-02-28 19:06:57,373 INFO org.apache.juli.logging.DirectJDKLog [main] Initializing ProtocolHandler ["http-nio-9005"]
2024-02-28 19:06:57,375 INFO org.apache.juli.logging.DirectJDKLog [main] Starting service [Tomcat]
2024-02-28 19:06:57,375 INFO org.apache.juli.logging.DirectJDKLog [main] Starting Servlet engine: [Apache Tomcat/9.0.73]
2024-02-28 19:06:58,136 INFO org.apache.juli.logging.DirectJDKLog [main] Initializing Spring embedded WebApplicationContext
2024-02-28 19:06:58,138 INFO org.springframework.boot.web.servlet.context.ServletWebServerApplicationContext [main] Root WebApplicationContext: initialization completed in 11813 ms
2024-02-28 19:06:58,889 INFO com.zaxxer.hikari.HikariDataSource [main] HikariPool-1 - Starting...
2024-02-28 19:07:01,627 INFO com.zaxxer.hikari.HikariDataSource [main] HikariPool-1 - Start completed.
2024-02-28 19:07:06,600 INFO org.hibernate.jpa.internal.util.LogHelper [main] HHH000204: Processing PersistenceUnitInfo [name: default]
2024-02-28 19:07:06,810 INFO org.hibernate.Version [main] HHH000412: Hibernate ORM core version 5.6.15.Final
2024-02-28 19:07:07,603 INFO org.hibernate.annotations.common.reflection.java.JavaReflectionManager [main] HCANN000001: Hibernate Commons Annotations {5.1.2.Final}
2024-02-28 19:07:08,132 INFO org.hibernate.dialect.Dialect [main] HHH000400: Using dialect: org.hibernate.dialect.MySQL8Dialect
2024-02-28 19:07:20,767 INFO org.hibernate.engine.transaction.jta.platform.internal.JtaPlatformInitiator [main] HHH000490: Using JtaPlatform implementation: [org.hibernate.engine.transaction.jta.platform.internal.NoJtaPlatform]
2024-02-28 19:07:20,795 INFO org.springframework.orm.jpa.AbstractEntityManagerFactoryBean [main] Initialized JPA EntityManagerFactory for persistence unit 'default'
2024-02-28 19:07:24,774 WARN org.springframework.boot.autoconfigure.orm.jpa.JpaBaseConfiguration$JpaWebConfiguration [main] spring.jpa.open-in-view is enabled by default. Therefore, database queries may be performed during view rendering. Explicitly configure spring.jpa.open-in-view to disable this warning
2024-02-28 19:07:26,797 INFO org.springframework.boot.autoconfigure.web.servlet.WelcomePageHandlerMapping [main] Adding welcome page template: index
2024-02-28 19:07:28,041 INFO org.springframework.security.web.DefaultSecurityFilterChain [main] Will secure any request with [org.springframework.security.web.session.DisableEncodeUrlFilter@2f6352a3, org.springframework.security.web.context.request.async.WebAsyncManagerIntegrationFilter@24455d50, org.springframework.security.web.context.SecurityContextPersistenceFilter@1b84d03d, org.springframework.security.web.header.HeaderWriterFilter@4fe9fb65, org.springframework.web.filter.CorsFilter@bb160fb, org.springframework.security.web.authentication.logout.LogoutFilter@2709e075, org.springframework.security.web.savedrequest.RequestCacheAwareFilter@1e1d813a, org.springframework.security.web.servletapi.SecurityContextHolderAwareRequestFilter@7925e772, org.springframework.security.web.authentication.AnonymousAuthenticationFilter@4cc4f6bd, org.springframework.security.web.session.SessionManagementFilter@3d0ce151, org.springframework.security.web.access.ExceptionTranslationFilter@6debf1b8, org.springframework.security.web.access.intercept.FilterSecurityInterceptor@25031fd4]
2024-02-28 19:07:29,639 INFO org.apache.juli.logging.DirectJDKLog [main] Starting ProtocolHandler ["http-nio-9005"]
2024-02-28 19:07:29,884 INFO org.springframework.boot.web.embedded.tomcat.TomcatWebServer [main] Tomcat started on port(s): 9005 (http) with context path ''
2024-02-28 19:07:30,103 INFO org.springframework.scheduling.annotation.ScheduledAnnotationBeanPostProcessor [main] No TaskScheduler/ScheduledExecutorService bean found for scheduled processing
2024-02-28 19:07:30,250 INFO org.springframework.boot.StartupInfoLogger [main] Started UserAppApplication in 45.257 seconds (JVM running for 52.3)
2024-02-28 19:16:39,735 INFO org.apache.juli.logging.DirectJDKLog [http-nio-9005-exec-1] Initializing Spring DispatcherServlet 'dispatcherServlet'
2024-02-28 19:16:39,853 INFO org.springframework.web.servlet.FrameworkServlet [http-nio-9005-exec-1] Initializing Servlet 'dispatcherServlet'
2024-02-28 19:16:41,189 INFO org.springframework.web.servlet.FrameworkServlet [http-nio-9005-exec-1] Completed initialization in 1335 ms
2024-02-28 19:21:01,218 INFO org.springframework.boot.StartupInfoLogger [main] Starting UserAppApplication using Java 1.8.0_202 on DESKTOP-R18GS1D with PID 8964 (E:\UserApp\UserApp\target\classes started by User in E:\UserApp\UserApp)
2024-02-28 19:21:01,238 INFO org.springframework.boot.SpringApplication [main] No active profile set, falling back to 1 default profile: "default"
2024-02-28 19:21:07,410 INFO org.springframework.data.repository.config.RepositoryConfigurationDelegate [main] Bootstrapping Spring Data JPA repositories in DEFAULT mode.
2024-02-28 19:21:08,013 INFO org.springframework.data.repository.config.RepositoryConfigurationDelegate [main] Finished Spring Data repository scanning in 568 ms. Found 12 JPA repository interfaces.
2024-02-28 19:21:13,809 INFO org.springframework.boot.web.embedded.tomcat.TomcatWebServer [main] Tomcat initialized with port(s): 9005 (http)
2024-02-28 19:21:13,837 INFO org.apache.juli.logging.DirectJDKLog [main] Initializing ProtocolHandler ["http-nio-9005"]
2024-02-28 19:21:13,839 INFO org.apache.juli.logging.DirectJDKLog [main] Starting service [Tomcat]
2024-02-28 19:21:13,841 INFO org.apache.juli.logging.DirectJDKLog [main] Starting Servlet engine: [Apache Tomcat/9.0.73]
2024-02-28 19:21:14,993 INFO org.apache.juli.logging.DirectJDKLog [main] Initializing Spring embedded WebApplicationContext
2024-02-28 19:21:14,994 INFO org.springframework.boot.web.servlet.context.ServletWebServerApplicationContext [main] Root WebApplicationContext: initialization completed in 13460 ms
2024-02-28 19:21:15,952 INFO com.zaxxer.hikari.HikariDataSource [main] HikariPool-1 - Starting...
2024-02-28 19:21:20,458 INFO com.zaxxer.hikari.HikariDataSource [main] HikariPool-1 - Start completed.
2024-02-28 19:21:22,043 INFO org.hibernate.jpa.internal.util.LogHelper [main] HHH000204: Processing PersistenceUnitInfo [name: default]
2024-02-28 19:21:22,340 INFO org.hibernate.Version [main] HHH000412: Hibernate ORM core version 5.6.15.Final
2024-02-28 19:21:26,211 INFO org.hibernate.annotations.common.reflection.java.JavaReflectionManager [main] HCANN000001: Hibernate Commons Annotations {5.1.2.Final}
2024-02-28 19:21:26,755 INFO org.hibernate.dialect.Dialect [main] HHH000400: Using dialect: org.hibernate.dialect.MySQL8Dialect
2024-02-28 19:21:37,951 INFO org.hibernate.engine.transaction.jta.platform.internal.JtaPlatformInitiator [main] HHH000490: Using JtaPlatform implementation: [org.hibernate.engine.transaction.jta.platform.internal.NoJtaPlatform]
2024-02-28 19:21:37,983 INFO org.springframework.orm.jpa.AbstractEntityManagerFactoryBean [main] Initialized JPA EntityManagerFactory for persistence unit 'default'
2024-02-28 19:21:46,473 WARN org.springframework.boot.autoconfigure.orm.jpa.JpaBaseConfiguration$JpaWebConfiguration [main] spring.jpa.open-in-view is enabled by default. Therefore, database queries may be performed during view rendering. Explicitly configure spring.jpa.open-in-view to disable this warning
2024-02-28 19:21:50,153 INFO org.springframework.boot.autoconfigure.web.servlet.WelcomePageHandlerMapping [main] Adding welcome page template: index
2024-02-28 19:21:51,573 INFO org.springframework.security.web.DefaultSecurityFilterChain [main] Will secure any request with [org.springframework.security.web.session.DisableEncodeUrlFilter@2b30b25f, org.springframework.security.web.context.request.async.WebAsyncManagerIntegrationFilter@58dea0a7, org.springframework.security.web.context.SecurityContextPersistenceFilter@634d56eb, org.springframework.security.web.header.HeaderWriterFilter@5694f6a0, org.springframework.web.filter.CorsFilter@195d4780, org.springframework.security.web.authentication.logout.LogoutFilter@30dd23e2, org.springframework.security.web.savedrequest.RequestCacheAwareFilter@22b4ad0c, org.springframework.security.web.servletapi.SecurityContextHolderAwareRequestFilter@19b33b0d, org.springframework.security.web.authentication.AnonymousAuthenticationFilter@18c95fbb, org.springframework.security.web.session.SessionManagementFilter@44846c76, org.springframework.security.web.access.ExceptionTranslationFilter@1188e08b, org.springframework.security.web.access.intercept.FilterSecurityInterceptor@542c6165]
2024-02-28 19:21:52,982 INFO org.apache.juli.logging.DirectJDKLog [main] Starting ProtocolHandler ["http-nio-9005"]
2024-02-28 19:21:53,354 INFO org.springframework.boot.web.embedded.tomcat.TomcatWebServer [main] Tomcat started on port(s): 9005 (http) with context path ''
2024-02-28 19:21:53,618 INFO org.springframework.scheduling.annotation.ScheduledAnnotationBeanPostProcessor [main] No TaskScheduler/ScheduledExecutorService bean found for scheduled processing
2024-02-28 19:21:53,702 INFO org.springframework.boot.StartupInfoLogger [main] Started UserAppApplication in 54.596 seconds (JVM running for 61.868)
2024-02-28 19:22:58,381 INFO org.apache.juli.logging.DirectJDKLog [http-nio-9005-exec-5] Initializing Spring DispatcherServlet 'dispatcherServlet'
2024-02-28 19:22:58,386 INFO org.springframework.web.servlet.FrameworkServlet [http-nio-9005-exec-5] Initializing Servlet 'dispatcherServlet'
2024-02-28 19:22:58,421 INFO org.springframework.web.servlet.FrameworkServlet [http-nio-9005-exec-5] Completed initialization in 34 ms
2024-02-28 21:04:03,725 WARN com.zaxxer.hikari.pool.HikariPool$HouseKeeper [HikariPool-1 housekeeper] HikariPool-1 - Thread starvation or clock leap detected (housekeeper delta=52m39s66ms421µs900ns).
2024-02-28 21:28:19,422 INFO com.firoztechi.UserApp.UserApp.Controller.UserController [http-nio-9005-exec-9] Login started
2024-02-28 21:29:13,898 INFO com.firoztechi.UserApp.UserApp.Controller.UserController [http-nio-9005-exec-9] Login success
2024-02-28 21:29:23,696 INFO com.firoztechi.UserApp.UserApp.Controller.UserController [http-nio-9005-exec-4] Login started
2024-02-28 21:29:26,957 INFO com.firoztechi.UserApp.UserApp.Controller.UserController [http-nio-9005-exec-4] Login success
2024-02-28 21:36:48,062 WARN com.zaxxer.hikari.pool.HikariPool$HouseKeeper [HikariPool-1 housekeeper] HikariPool-1 - Thread starvation or clock leap detected (housekeeper delta=2m30s848ms506µs200ns).
2024-02-28 21:46:50,862 INFO com.firoztechi.UserApp.UserApp.Controller.UserController [http-nio-9005-exec-4] Login started
2024-02-28 21:47:02,077 INFO com.firoztechi.UserApp.UserApp.Controller.UserController [http-nio-9005-exec-4] Login success
2024-02-28 21:47:31,333 WARN org.springframework.web.servlet.handler.AbstractHandlerExceptionResolver [http-nio-9005-exec-7] Resolved [org.springframework.web.method.annotation.MethodArgumentTypeMismatchException: Failed to convert value of type 'java.lang.String' to required type 'long'; nested exception is java.lang.NumberFormatException: For input string: "undefined"]
2024-02-28 21:47:43,662 WARN org.springframework.web.servlet.handler.AbstractHandlerExceptionResolver [http-nio-9005-exec-5] Resolved [org.springframework.web.method.annotation.MethodArgumentTypeMismatchException: Failed to convert value of type 'java.lang.String' to required type 'long'; nested exception is java.lang.NumberFormatException: For input string: "undefined"]
2024-02-28 22:42:53,780 INFO com.firoztechi.UserApp.UserApp.Controller.UserController [http-nio-9005-exec-3] Login started
2024-02-28 22:43:13,745 INFO com.firoztechi.UserApp.UserApp.Controller.UserController [http-nio-9005-exec-3] Login success
2024-02-28 22:43:49,094 WARN org.springframework.web.servlet.handler.AbstractHandlerExceptionResolver [http-nio-9005-exec-9] Resolved [org.springframework.web.method.annotation.MethodArgumentTypeMismatchException: Failed to convert value of type 'java.lang.String' to required type 'long'; nested exception is java.lang.NumberFormatException: For input string: "undefined"]
2024-02-28 22:43:52,006 WARN org.springframework.web.servlet.handler.AbstractHandlerExceptionResolver [http-nio-9005-exec-1] Resolved [org.springframework.web.method.annotation.MethodArgumentTypeMismatchException: Failed to convert value of type 'java.lang.String' to required type 'long'; nested exception is java.lang.NumberFormatException: For input string: "undefined"]
2024-02-28 22:47:40,191 WARN org.springframework.web.servlet.handler.AbstractHandlerExceptionResolver [http-nio-9005-exec-10] Resolved [org.springframework.web.method.annotation.MethodArgumentTypeMismatchException: Failed to convert value of type 'java.lang.String' to required type 'long'; nested exception is java.lang.NumberFormatException: For input string: "undefined"]
2024-02-28 22:47:55,359 WARN org.springframework.web.servlet.handler.AbstractHandlerExceptionResolver [http-nio-9005-exec-7] Resolved [org.springframework.web.method.annotation.MethodArgumentTypeMismatchException: Failed to convert value of type 'java.lang.String' to required type 'long'; nested exception is java.lang.NumberFormatException: For input string: "undefined"]
2024-02-28 22:47:56,216 WARN org.springframework.web.servlet.handler.AbstractHandlerExceptionResolver [http-nio-9005-exec-8] Resolved [org.springframework.web.method.annotation.MethodArgumentTypeMismatchException: Failed to convert value of type 'java.lang.String' to required type 'long'; nested exception is java.lang.NumberFormatException: For input string: "undefined"]
